<?xml version="1.0" encoding="UTF-8"?>
<testsuite xmlns:xsi="http://www.w3.org/2001/XMLSchema-instance" xsi:noNamespaceSchemaLocation="https://maven.apache.org/surefire/maven-surefire-plugin/xsd/surefire-test-report-3.0.xsd" version="3.0" name="com.personal.Portfolio.PortfolioApplicationTests" time="10.479" tests="1" errors="0" skipped="0" failures="0">
  <properties>
[...]
</properties>
  <testcase name="contextLoads" classname="com.personal.Portfolio.PortfolioApplicationTests" time="0.528">
    <system-out><![CDATA[12:14:46.074 [main] INFO org.springframework.test.context.support.AnnotationConfigContextLoaderUtils -- Could not detect default configuration classes for test class [com.personal.Portfolio.PortfolioApplicationTests]: PortfolioApplicationTests does not declare any static, non-private, non-final, nested classes annotated with @Configuration.
12:14:46.213 [main] INFO org.springframework.boot.test.context.SpringBootTestContextBootstrapper -- Found @SpringBootConfiguration com.personal.Portfolio.PortfolioApplication for test class com.personal.Portfolio.PortfolioApplicationTests
12:14:46.464 [main] INFO org.springframework.boot.devtools.restart.RestartApplicationListener -- Restart disabled due to context in which it is running

  .   ____          _            __ _ _
 /\\ / ___'_ __ _ _(_)_ __  __ _ \ \ \ \
( ( )\___ | '_ | '_| | '_ \/ _` | \ \ \ \
 \\/  ___)| |_)| | | | | || (_| |  ) ) ) )
  '  |____| .__|_| |_|_| |_\__, | / / / /
 =========|_|==============|___/=/_/_/_/

 :: Spring Boot ::                (v3.3.1)

2024-09-20T12:14:46.753+05:30  INFO 25404 --- [Portfolio] [           main] c.p.Portfolio.PortfolioApplicationTests  : Starting PortfolioApplicationTests using Java 17.0.6 with PID 25404 (started by diras in C:\Users\diras\Downloads\Portfolio\Portfolio)
2024-09-20T12:14:46.754+05:30  INFO 25404 --- [Portfolio] [           main] c.p.Portfolio.PortfolioApplicationTests  : No active profile set, falling back to 1 default profile: "default"
2024-09-20T12:14:46.754+05:30 DEBUG 25404 --- [Portfolio] [           main] o.s.boot.SpringApplication               : Loading source class com.personal.Portfolio.PortfolioApplication
2024-09-20T12:14:46.788+05:30 DEBUG 25404 --- [Portfolio] [           main] o.s.w.c.s.GenericWebApplicationContext   : Refreshing org.springframework.web.context.support.GenericWebApplicationContext@1edb61b1
2024-09-20T12:14:46.820+05:30 DEBUG 25404 --- [Portfolio] [           main] o.s.b.f.s.DefaultListableBeanFactory     : Creating shared instance of singleton bean 'org.springframework.context.annotation.internalConfigurationAnnotationProcessor'
2024-09-20T12:14:46.838+05:30 DEBUG 25404 --- [Portfolio] [           main] o.s.b.f.s.DefaultListableBeanFactory     : Creating shared instance of singleton bean 'org.springframework.boot.autoconfigure.internalCachingMetadataReaderFactory'
2024-09-20T12:14:46.888+05:30 DEBUG 25404 --- [Portfolio] [           main] o.s.c.a.ClassPathBeanDefinitionScanner   : Identified candidate component class: file [C:\Users\diras\Downloads\Portfolio\Portfolio\target\classes\com\personal\Portfolio\controller\ContactFormController.class]
2024-09-20T12:14:46.891+05:30 DEBUG 25404 --- [Portfolio] [           main] o.s.c.a.ClassPathBeanDefinitionScanner   : Ignored because not a concrete top-level class: file [C:\Users\diras\Downloads\Portfolio\Portfolio\target\classes\com\personal\Portfolio\repository\ContactFormRepository.class]
2024-09-20T12:14:46.892+05:30 DEBUG 25404 --- [Portfolio] [           main] o.s.c.a.ClassPathBeanDefinitionScanner   : Identified candidate component class: file [C:\Users\diras\Downloads\Portfolio\Portfolio\target\classes\com\personal\Portfolio\service\ContactFormService.class]
2024-09-20T12:14:47.534+05:30  INFO 25404 --- [Portfolio] [           main] .s.d.r.c.RepositoryConfigurationDelegate : Bootstrapping Spring Data JPA repositories in DEFAULT mode.
2024-09-20T12:14:47.541+05:30 DEBUG 25404 --- [Portfolio] [           main] o.s.b.f.s.DefaultListableBeanFactory     : Creating shared instance of singleton bean 'org.springframework.boot.autoconfigure.AutoConfigurationPackages'
2024-09-20T12:14:47.547+05:30 DEBUG 25404 --- [Portfolio] [           main] o.s.b.a.AutoConfigurationPackages        : @EnableAutoConfiguration was declared on a class in the package 'com.personal.Portfolio'. Automatic @Repository and @Entity scanning is enabled.
2024-09-20T12:14:47.548+05:30 DEBUG 25404 --- [Portfolio] [           main] .s.d.r.c.RepositoryConfigurationDelegate : Scanning for JPA repositories in packages com.personal.Portfolio.
2024-09-20T12:14:47.556+05:30 DEBUG 25404 --- [Portfolio] [           main] o.s.d.r.c.RepositoryComponentProvider    : Identified candidate component class: file [C:\Users\diras\Downloads\Portfolio\Portfolio\target\classes\com\personal\Portfolio\repository\ContactFormRepository.class]
2024-09-20T12:14:47.589+05:30  INFO 25404 --- [Portfolio] [           main] .s.d.r.c.RepositoryConfigurationDelegate : Finished Spring Data repository scanning in 40 ms. Found 1 JPA repository interface.
2024-09-20T12:14:47.739+05:30 DEBUG 25404 --- [Portfolio] [           main] o.s.b.f.s.DefaultListableBeanFactory     : Creating shared instance of singleton bean 'propertySourcesPlaceholderConfigurer'
2024-09-20T12:14:47.742+05:30 DEBUG 25404 --- [Portfolio] [           main] o.s.b.f.s.DefaultListableBeanFactory     : Creating shared instance of singleton bean 'org.springframework.boot.test.mock.mockito.MockitoPostProcessor'
2024-09-20T12:14:47.743+05:30 DEBUG 25404 --- [Portfolio] [           main] o.s.b.f.s.DefaultListableBeanFactory     : Creating shared instance of singleton bean 'emBeanDefinitionRegistrarPostProcessor'
2024-09-20T12:14:47.744+05:30 DEBUG 25404 --- [Portfolio] [           main] o.s.b.f.s.DefaultListableBeanFactory     : Creating shared instance of singleton bean 'org.springframework.boot.sql.init.dependency.DatabaseInitializationDependencyConfigurer$DependsOnDatabaseInitializationPostProcessor'
2024-09-20T12:14:47.786+05:30 DEBUG 25404 --- [Portfolio] [           main] o.s.b.f.s.DefaultListableBeanFactory     : Creating shared instance of singleton bean 'org.springframework.context.event.internalEventListenerProcessor'
2024-09-20T12:14:47.788+05:30 DEBUG 25404 --- [Portfolio] [           main] o.s.b.f.s.DefaultListableBeanFactory     : Creating shared instance of singleton bean 'preserveErrorControllerTargetClassPostProcessor'
2024-09-20T12:14:47.789+05:30 DEBUG 25404 --- [Portfolio] [           main] o.s.b.f.s.DefaultListableBeanFactory     : Creating shared instance of singleton bean 'org.springframework.context.event.internalEventListenerFactory'
2024-09-20T12:14:47.789+05:30 DEBUG 25404 --- [Portfolio] [           main] o.s.b.f.s.DefaultListableBeanFactory     : Creating shared instance of singleton bean 'org.springframework.transaction.config.internalTransactionalEventListenerFactory'
2024-09-20T12:14:47.792+05:30 DEBUG 25404 --- [Portfolio] [           main] o.s.b.f.s.DefaultListableBeanFactory     : Creating shared instance of singleton bean 'org.springframework.boot.test.mock.mockito.MockitoPostProcessor$SpyPostProcessor'
2024-09-20T12:14:47.793+05:30 DEBUG 25404 --- [Portfolio] [           main] o.s.b.f.s.DefaultListableBeanFactory     : Creating shared instance of singleton bean 'org.springframework.context.annotation.internalAutowiredAnnotationProcessor'
2024-09-20T12:14:47.795+05:30 DEBUG 25404 --- [Portfolio] [           main] o.s.b.f.s.DefaultListableBeanFactory     : Creating shared instance of singleton bean 'org.springframework.context.annotation.internalCommonAnnotationProcessor'
2024-09-20T12:14:47.799+05:30 DEBUG 25404 --- [Portfolio] [           main] o.s.b.f.s.DefaultListableBeanFactory     : Creating shared instance of singleton bean 'org.springframework.context.annotation.internalPersistenceAnnotationProcessor'
2024-09-20T12:14:47.800+05:30 DEBUG 25404 --- [Portfolio] [           main] o.s.b.f.s.DefaultListableBeanFactory     : Creating shared instance of singleton bean 'org.springframework.boot.context.properties.ConfigurationPropertiesBindingPostProcessor'
2024-09-20T12:14:47.800+05:30 DEBUG 25404 --- [Portfolio] [           main] o.s.b.f.s.DefaultListableBeanFactory     : Creating shared instance of singleton bean 'org.springframework.boot.context.internalConfigurationPropertiesBinder'
2024-09-20T12:14:47.802+05:30 DEBUG 25404 --- [Portfolio] [           main] o.s.b.f.s.DefaultListableBeanFactory     : Creating shared instance of singleton bean 'jdbcConnectionDetailsHikariBeanPostProcessor'
2024-09-20T12:14:47.805+05:30 DEBUG 25404 --- [Portfolio] [           main] o.s.b.f.s.DefaultListableBeanFactory     : Creating shared instance of singleton bean 'org.springframework.aop.config.internalAutoProxyCreator'
2024-09-20T12:14:47.831+05:30 DEBUG 25404 --- [Portfolio] [           main] o.s.b.f.s.DefaultListableBeanFactory     : Creating shared instance of singleton bean 'persistenceExceptionTranslationPostProcessor'
2024-09-20T12:14:47.859+05:30 DEBUG 25404 --- [Portfolio] [           main] o.s.b.f.s.DefaultListableBeanFactory     : Autowiring by type from bean name 'persistenceExceptionTranslationPostProcessor' via factory method to bean named 'environment'
2024-09-20T12:14:47.864+05:30 DEBUG 25404 --- [Portfolio] [           main] o.s.b.f.s.DefaultListableBeanFactory     : Creating shared instance of singleton bean 'webServerFactoryCustomizerBeanPostProcessor'
2024-09-20T12:14:47.867+05:30 DEBUG 25404 --- [Portfolio] [           main] o.s.b.f.s.DefaultListableBeanFactory     : Creating shared instance of singleton bean 'errorPageRegistrarBeanPostProcessor'
2024-09-20T12:14:47.868+05:30 DEBUG 25404 --- [Portfolio] [           main] o.s.b.f.s.DefaultListableBeanFactory     : Creating shared instance of singleton bean 'projectingArgumentResolverBeanPostProcessor'
2024-09-20T12:14:47.870+05:30 DEBUG 25404 --- [Portfolio] [           main] o.s.b.f.s.DefaultListableBeanFactory     : Creating shared instance of singleton bean 'org.springframework.transaction.config.internalTransactionAdvisor'
2024-09-20T12:14:47.870+05:30 DEBUG 25404 --- [Portfolio] [           main] o.s.b.f.s.DefaultListableBeanFactory     : Creating shared instance of singleton bean 'org.springframework.transaction.annotation.ProxyTransactionManagementConfiguration'
2024-09-20T12:14:47.883+05:30 DEBUG 25404 --- [Portfolio] [           main] o.s.b.f.s.DefaultListableBeanFactory     : Creating shared instance of singleton bean 'transactionAttributeSource'
2024-09-20T12:14:47.884+05:30 DEBUG 25404 --- [Portfolio] [           main] o.s.b.f.s.DefaultListableBeanFactory     : Creating shared instance of singleton bean 'transactionInterceptor'
2024-09-20T12:14:47.885+05:30 DEBUG 25404 --- [Portfolio] [           main] o.s.b.f.s.DefaultListableBeanFactory     : Autowiring by type from bean name 'transactionInterceptor' via factory method to bean named 'transactionAttributeSource'
2024-09-20T12:14:47.891+05:30 DEBUG 25404 --- [Portfolio] [           main] o.s.b.f.s.DefaultListableBeanFactory     : Autowiring by type from bean name 'org.springframework.transaction.config.internalTransactionAdvisor' via factory method to bean named 'transactionAttributeSource'
2024-09-20T12:14:47.892+05:30 DEBUG 25404 --- [Portfolio] [           main] o.s.b.f.s.DefaultListableBeanFactory     : Autowiring by type from bean name 'org.springframework.transaction.config.internalTransactionAdvisor' via factory method to bean named 'transactionInterceptor'
2024-09-20T12:14:47.919+05:30 DEBUG 25404 --- [Portfolio] [           main] o.s.u.c.s.UiApplicationContextUtils      : Unable to locate ThemeSource with name 'themeSource': using default [org.springframework.ui.context.support.ResourceBundleThemeSource@2a43e0ac]
2024-09-20T12:14:47.920+05:30 DEBUG 25404 --- [Portfolio] [           main] o.s.b.f.s.DefaultListableBeanFactory     : Creating shared instance of singleton bean 'dataSourceScriptDatabaseInitializer'
2024-09-20T12:14:47.920+05:30 DEBUG 25404 --- [Portfolio] [           main] o.s.b.f.s.DefaultListableBeanFactory     : Creating shared instance of singleton bean 'org.springframework.boot.autoconfigure.sql.init.DataSourceInitializationConfiguration'
2024-09-20T12:14:47.921+05:30 DEBUG 25404 --- [Portfolio] [           main] o.s.b.f.s.DefaultListableBeanFactory     : Creating shared instance of singleton bean 'dataSource'
2024-09-20T12:14:47.922+05:30 DEBUG 25404 --- [Portfolio] [           main] o.s.b.f.s.DefaultListableBeanFactory     : Creating shared instance of singleton bean 'org.springframework.boot.autoconfigure.jdbc.DataSourceConfiguration$Hikari'
2024-09-20T12:14:47.923+05:30 DEBUG 25404 --- [Portfolio] [           main] o.s.b.f.s.DefaultListableBeanFactory     : Creating shared instance of singleton bean 'spring.datasource-org.springframework.boot.autoconfigure.jdbc.DataSourceProperties'
2024-09-20T12:14:47.924+05:30 DEBUG 25404 --- [Portfolio] [           main] o.s.b.f.s.DefaultListableBeanFactory     : Creating shared instance of singleton bean 'org.springframework.boot.context.properties.BoundConfigurationProperties'
2024-09-20T12:14:47.943+05:30 DEBUG 25404 --- [Portfolio] [           main] o.s.b.f.s.DefaultListableBeanFactory     : Creating shared instance of singleton bean 'jdbcConnectionDetails'
2024-09-20T12:14:47.944+05:30 DEBUG 25404 --- [Portfolio] [           main] o.s.b.f.s.DefaultListableBeanFactory     : Creating shared instance of singleton bean 'org.springframework.boot.autoconfigure.jdbc.DataSourceAutoConfiguration$PooledDataSourceConfiguration'
2024-09-20T12:14:47.945+05:30 DEBUG 25404 --- [Portfolio] [           main] o.s.b.f.s.DefaultListableBeanFactory     : Autowiring by type from bean name 'jdbcConnectionDetails' via factory method to bean named 'spring.datasource-org.springframework.boot.autoconfigure.jdbc.DataSourceProperties'
2024-09-20T12:14:47.946+05:30 DEBUG 25404 --- [Portfolio] [           main] o.s.b.f.s.DefaultListableBeanFactory     : Autowiring by type from bean name 'dataSource' via factory method to bean named 'spring.datasource-org.springframework.boot.autoconfigure.jdbc.DataSourceProperties'
2024-09-20T12:14:47.946+05:30 DEBUG 25404 --- [Portfolio] [           main] o.s.b.f.s.DefaultListableBeanFactory     : Autowiring by type from bean name 'dataSource' via factory method to bean named 'jdbcConnectionDetails'
2024-09-20T12:14:47.949+05:30 DEBUG 25404 --- [Portfolio] [           main] com.zaxxer.hikari.HikariConfig           : Driver class com.mysql.cj.jdbc.Driver found in Thread context class loader jdk.internal.loader.ClassLoaders$AppClassLoader@73d16e93
2024-09-20T12:14:47.977+05:30 DEBUG 25404 --- [Portfolio] [           main] o.s.b.f.s.DefaultListableBeanFactory     : Creating shared instance of singleton bean 'spring.sql.init-org.springframework.boot.autoconfigure.sql.init.SqlInitializationProperties'
2024-09-20T12:14:47.979+05:30 DEBUG 25404 --- [Portfolio] [           main] o.s.b.f.s.DefaultListableBeanFactory     : Autowiring by type from bean name 'dataSourceScriptDatabaseInitializer' via factory method to bean named 'dataSource'
2024-09-20T12:14:47.979+05:30 DEBUG 25404 --- [Portfolio] [           main] o.s.b.f.s.DefaultListableBeanFactory     : Autowiring by type from bean name 'dataSourceScriptDatabaseInitializer' via factory method to bean named 'spring.sql.init-org.springframework.boot.autoconfigure.sql.init.SqlInitializationProperties'
2024-09-20T12:14:47.985+05:30 DEBUG 25404 --- [Portfolio] [           main] o.s.b.f.s.DefaultListableBeanFactory     : Creating shared instance of singleton bean 'entityManagerFactory'
2024-09-20T12:14:47.985+05:30 DEBUG 25404 --- [Portfolio] [           main] o.s.b.f.s.DefaultListableBeanFactory     : Creating shared instance of singleton bean 'org.springframework.boot.autoconfigure.orm.jpa.HibernateJpaConfiguration'
2024-09-20T12:14:47.986+05:30 DEBUG 25404 --- [Portfolio] [           main] o.s.b.f.s.DefaultListableBeanFactory     : Creating shared instance of singleton bean 'spring.jpa-org.springframework.boot.autoconfigure.orm.jpa.JpaProperties'
2024-09-20T12:14:47.990+05:30 DEBUG 25404 --- [Portfolio] [           main] o.s.b.f.s.DefaultListableBeanFactory     : Creating shared instance of singleton bean 'spring.jpa.hibernate-org.springframework.boot.autoconfigure.orm.jpa.HibernateProperties'
2024-09-20T12:14:47.992+05:30 DEBUG 25404 --- [Portfolio] [           main] o.s.b.f.s.DefaultListableBeanFactory     : Autowiring by type from bean name 'org.springframework.boot.autoconfigure.orm.jpa.HibernateJpaConfiguration' via constructor to bean named 'dataSource'
2024-09-20T12:14:47.992+05:30 DEBUG 25404 --- [Portfolio] [           main] o.s.b.f.s.DefaultListableBeanFactory     : Autowiring by type from bean name 'org.springframework.boot.autoconfigure.orm.jpa.HibernateJpaConfiguration' via constructor to bean named 'spring.jpa-org.springframework.boot.autoconfigure.orm.jpa.JpaProperties'
2024-09-20T12:14:47.992+05:30 DEBUG 25404 --- [Portfolio] [           main] o.s.b.f.s.DefaultListableBeanFactory     : Autowiring by type from bean name 'org.springframework.boot.autoconfigure.orm.jpa.HibernateJpaConfiguration' via constructor to bean named 'org.springframework.beans.factory.support.DefaultListableBeanFactory@263558c9'
2024-09-20T12:14:47.992+05:30 DEBUG 25404 --- [Portfolio] [           main] o.s.b.f.s.DefaultListableBeanFactory     : Autowiring by type from bean name 'org.springframework.boot.autoconfigure.orm.jpa.HibernateJpaConfiguration' via constructor to bean named 'spring.jpa.hibernate-org.springframework.boot.autoconfigure.orm.jpa.HibernateProperties'
2024-09-20T12:14:47.994+05:30 DEBUG 25404 --- [Portfolio] [           main] o.s.b.f.s.DefaultListableBeanFactory     : Creating shared instance of singleton bean 'hikariPoolDataSourceMetadataProvider'
2024-09-20T12:14:47.994+05:30 DEBUG 25404 --- [Portfolio] [           main] o.s.b.f.s.DefaultListableBeanFactory     : Creating shared instance of singleton bean 'org.springframework.boot.autoconfigure.jdbc.metadata.DataSourcePoolMetadataProvidersConfiguration$HikariPoolDataSourceMetadataProviderConfiguration'
2024-09-20T12:14:48.000+05:30 DEBUG 25404 --- [Portfolio] [           main] o.s.b.f.s.DefaultListableBeanFactory     : Creating shared instance of singleton bean 'entityManagerFactoryBuilder'
2024-09-20T12:14:48.001+05:30 DEBUG 25404 --- [Portfolio] [           main] o.s.b.f.s.DefaultListableBeanFactory     : Creating shared instance of singleton bean 'jpaVendorAdapter'
2024-09-20T12:14:48.015+05:30 DEBUG 25404 --- [Portfolio] [           main] o.s.b.f.s.DefaultListableBeanFactory     : Autowiring by type from bean name 'entityManagerFactoryBuilder' via factory method to bean named 'jpaVendorAdapter'
2024-09-20T12:14:48.018+05:30 DEBUG 25404 --- [Portfolio] [           main] o.s.b.f.s.DefaultListableBeanFactory     : Creating shared instance of singleton bean 'persistenceManagedTypes'
2024-09-20T12:14:48.019+05:30 DEBUG 25404 --- [Portfolio] [           main] o.s.b.f.s.DefaultListableBeanFactory     : Autowiring by type from bean name 'persistenceManagedTypes' via factory method to bean named 'org.springframework.beans.factory.support.DefaultListableBeanFactory@263558c9'
2024-09-20T12:14:48.019+05:30 DEBUG 25404 --- [Portfolio] [           main] o.s.b.f.s.DefaultListableBeanFactory     : Autowiring by type from bean name 'persistenceManagedTypes' via factory method to bean named 'org.springframework.web.context.support.GenericWebApplicationContext@1edb61b1'
2024-09-20T12:14:48.026+05:30 DEBUG 25404 --- [Portfolio] [           main] o.s.b.f.s.DefaultListableBeanFactory     : Autowiring by type from bean name 'entityManagerFactory' via factory method to bean named 'entityManagerFactoryBuilder'
2024-09-20T12:14:48.026+05:30 DEBUG 25404 --- [Portfolio] [           main] o.s.b.f.s.DefaultListableBeanFactory     : Autowiring by type from bean name 'entityManagerFactory' via factory method to bean named 'persistenceManagedTypes'
2024-09-20T12:14:48.047+05:30 DEBUG 25404 --- [Portfolio] [           main] j.LocalContainerEntityManagerFactoryBean : Building JPA container EntityManagerFactory for persistence unit 'default'
2024-09-20T12:14:48.082+05:30  INFO 25404 --- [Portfolio] [           main] o.hibernate.jpa.internal.util.LogHelper  : HHH000204: Processing PersistenceUnitInfo [name: default]
2024-09-20T12:14:48.228+05:30  INFO 25404 --- [Portfolio] [           main] org.hibernate.Version                    : HHH000412: Hibernate ORM core version 6.5.2.Final
2024-09-20T12:14:48.284+05:30  INFO 25404 --- [Portfolio] [           main] o.h.c.internal.RegionFactoryInitiator    : HHH000026: Second-level cache disabled
2024-09-20T12:14:48.711+05:30  INFO 25404 --- [Portfolio] [           main] o.s.o.j.p.SpringPersistenceUnitInfo      : No LoadTimeWeaver setup: ignoring JPA class transformer
2024-09-20T12:14:48.747+05:30 DEBUG 25404 --- [Portfolio] [           main] com.zaxxer.hikari.HikariConfig           : HikariPool-1 - configuration:
2024-09-20T12:14:48.751+05:30 DEBUG 25404 --- [Portfolio] [           main] com.zaxxer.hikari.HikariConfig           : allowPoolSuspension.............false
2024-09-20T12:14:48.751+05:30 DEBUG 25404 --- [Portfolio] [           main] com.zaxxer.hikari.HikariConfig           : autoCommit......................true
2024-09-20T12:14:48.751+05:30 DEBUG 25404 --- [Portfolio] [           main] com.zaxxer.hikari.HikariConfig           : catalog.........................none
2024-09-20T12:14:48.751+05:30 DEBUG 25404 --- [Portfolio] [           main] com.zaxxer.hikari.HikariConfig           : connectionInitSql...............none
2024-09-20T12:14:48.751+05:30 DEBUG 25404 --- [Portfolio] [           main] com.zaxxer.hikari.HikariConfig           : connectionTestQuery.............none
2024-09-20T12:14:48.751+05:30 DEBUG 25404 --- [Portfolio] [           main] com.zaxxer.hikari.HikariConfig           : connectionTimeout...............30000
2024-09-20T12:14:48.752+05:30 DEBUG 25404 --- [Portfolio] [           main] com.zaxxer.hikari.HikariConfig           : dataSource......................none
2024-09-20T12:14:48.752+05:30 DEBUG 25404 --- [Portfolio] [           main] com.zaxxer.hikari.HikariConfig           : dataSourceClassName.............none
2024-09-20T12:14:48.752+05:30 DEBUG 25404 --- [Portfolio] [           main] com.zaxxer.hikari.HikariConfig           : dataSourceJNDI..................none
2024-09-20T12:14:48.752+05:30 DEBUG 25404 --- [Portfolio] [           main] com.zaxxer.hikari.HikariConfig           : dataSourceProperties............{password=<masked>}
2024-09-20T12:14:48.752+05:30 DEBUG 25404 --- [Portfolio] [           main] com.zaxxer.hikari.HikariConfig           : driverClassName................."com.mysql.cj.jdbc.Driver"
2024-09-20T12:14:48.753+05:30 DEBUG 25404 --- [Portfolio] [           main] com.zaxxer.hikari.HikariConfig           : exceptionOverrideClassName......none
2024-09-20T12:14:48.753+05:30 DEBUG 25404 --- [Portfolio] [           main] com.zaxxer.hikari.HikariConfig           : healthCheckProperties...........{}
2024-09-20T12:14:48.753+05:30 DEBUG 25404 --- [Portfolio] [           main] com.zaxxer.hikari.HikariConfig           : healthCheckRegistry.............none
2024-09-20T12:14:48.753+05:30 DEBUG 25404 --- [Portfolio] [           main] com.zaxxer.hikari.HikariConfig           : idleTimeout.....................600000
2024-09-20T12:14:48.753+05:30 DEBUG 25404 --- [Portfolio] [           main] com.zaxxer.hikari.HikariConfig           : initializationFailTimeout.......1
2024-09-20T12:14:48.753+05:30 DEBUG 25404 --- [Portfolio] [           main] com.zaxxer.hikari.HikariConfig           : isolateInternalQueries..........false
2024-09-20T12:14:48.753+05:30 DEBUG 25404 --- [Portfolio] [           main] com.zaxxer.hikari.HikariConfig           : jdbcUrl.........................jdbc:mysql://portfolio.c7cuwce2woo3.eu-north-1.rds.amazonaws.com:3306/portfolio?serverTimezone=UTC
2024-09-20T12:14:48.753+05:30 DEBUG 25404 --- [Portfolio] [           main] com.zaxxer.hikari.HikariConfig           : keepaliveTime...................0
2024-09-20T12:14:48.753+05:30 DEBUG 25404 --- [Portfolio] [           main] com.zaxxer.hikari.HikariConfig           : leakDetectionThreshold..........0
2024-09-20T12:14:48.754+05:30 DEBUG 25404 --- [Portfolio] [           main] com.zaxxer.hikari.HikariConfig           : maxLifetime.....................1800000
2024-09-20T12:14:48.754+05:30 DEBUG 25404 --- [Portfolio] [           main] com.zaxxer.hikari.HikariConfig           : maximumPoolSize.................10
2024-09-20T12:14:48.754+05:30 DEBUG 25404 --- [Portfolio] [           main] com.zaxxer.hikari.HikariConfig           : metricRegistry..................none
2024-09-20T12:14:48.754+05:30 DEBUG 25404 --- [Portfolio] [           main] com.zaxxer.hikari.HikariConfig           : metricsTrackerFactory...........none
2024-09-20T12:14:48.754+05:30 DEBUG 25404 --- [Portfolio] [           main] com.zaxxer.hikari.HikariConfig           : minimumIdle.....................10
2024-09-20T12:14:48.754+05:30 DEBUG 25404 --- [Portfolio] [           main] com.zaxxer.hikari.HikariConfig           : password........................<masked>
2024-09-20T12:14:48.754+05:30 DEBUG 25404 --- [Portfolio] [           main] com.zaxxer.hikari.HikariConfig           : poolName........................"HikariPool-1"
2024-09-20T12:14:48.754+05:30 DEBUG 25404 --- [Portfolio] [           main] com.zaxxer.hikari.HikariConfig           : readOnly........................false
2024-09-20T12:14:48.754+05:30 DEBUG 25404 --- [Portfolio] [           main] com.zaxxer.hikari.HikariConfig           : registerMbeans..................false
2024-09-20T12:14:48.754+05:30 DEBUG 25404 --- [Portfolio] [           main] com.zaxxer.hikari.HikariConfig           : scheduledExecutor...............none
2024-09-20T12:14:48.754+05:30 DEBUG 25404 --- [Portfolio] [           main] com.zaxxer.hikari.HikariConfig           : schema..........................none
2024-09-20T12:14:48.755+05:30 DEBUG 25404 --- [Portfolio] [           main] com.zaxxer.hikari.HikariConfig           : threadFactory...................internal
2024-09-20T12:14:48.755+05:30 DEBUG 25404 --- [Portfolio] [           main] com.zaxxer.hikari.HikariConfig           : transactionIsolation............default
2024-09-20T12:14:48.755+05:30 DEBUG 25404 --- [Portfolio] [           main] com.zaxxer.hikari.HikariConfig           : username........................"subbu"
2024-09-20T12:14:48.755+05:30 DEBUG 25404 --- [Portfolio] [           main] com.zaxxer.hikari.HikariConfig           : validationTimeout...............5000
2024-09-20T12:14:48.755+05:30  INFO 25404 --- [Portfolio] [           main] com.zaxxer.hikari.HikariDataSource       : HikariPool-1 - Starting...
2024-09-20T12:14:52.288+05:30  INFO 25404 --- [Portfolio] [           main] com.zaxxer.hikari.pool.HikariPool        : HikariPool-1 - Added connection com.mysql.cj.jdbc.ConnectionImpl@3d6778d5
2024-09-20T12:14:52.290+05:30  INFO 25404 --- [Portfolio] [           main] com.zaxxer.hikari.HikariDataSource       : HikariPool-1 - Start completed.
2024-09-20T12:14:52.392+05:30 DEBUG 25404 --- [Portfolio] [l-1 housekeeper] com.zaxxer.hikari.pool.HikariPool        : HikariPool-1 - Pool stats (total=1, active=1, idle=0, waiting=0)
2024-09-20T12:14:53.531+05:30  INFO 25404 --- [Portfolio] [           main] o.h.e.t.j.p.i.JtaPlatformInitiator       : HHH000489: No JTA platform available (set 'hibernate.transaction.jta.platform' to enable JTA platform integration)
Hibernate: create table contact_form (id bigint not null auto_increment, email varchar(255), message varchar(255), name varchar(255), phone varchar(255), primary key (id)) engine=InnoDB
2024-09-20T12:14:54.172+05:30 DEBUG 25404 --- [Portfolio] [onnection adder] com.zaxxer.hikari.pool.HikariPool        : HikariPool-1 - Added connection com.mysql.cj.jdbc.ConnectionImpl@7a4260cc
2024-09-20T12:14:54.209+05:30 DEBUG 25404 --- [Portfolio] [onnection adder] com.zaxxer.hikari.pool.HikariPool        : HikariPool-1 - After adding stats (total=2, active=1, idle=1, waiting=0)
2024-09-20T12:14:54.612+05:30  INFO 25404 --- [Portfolio] [           main] j.LocalContainerEntityManagerFactoryBean : Initialized JPA EntityManagerFactory for persistence unit 'default'
2024-09-20T12:14:54.616+05:30 DEBUG 25404 --- [Portfolio] [           main] o.s.b.f.s.DefaultListableBeanFactory     : Creating shared instance of singleton bean 'portfolioApplication'
2024-09-20T12:14:54.617+05:30 DEBUG 25404 --- [Portfolio] [           main] o.s.b.f.s.DefaultListableBeanFactory     : Creating shared instance of singleton bean 'contactFormController'
2024-09-20T12:14:54.621+05:30 DEBUG 25404 --- [Portfolio] [           main] o.s.b.f.s.DefaultListableBeanFactory     : Creating shared instance of singleton bean 'contactFormService'
2024-09-20T12:14:54.622+05:30 DEBUG 25404 --- [Portfolio] [           main] o.s.b.f.s.DefaultListableBeanFactory     : Creating shared instance of singleton bean 'contactFormRepository'
2024-09-20T12:14:54.637+05:30 DEBUG 25404 --- [Portfolio] [           main] o.s.b.f.s.DefaultListableBeanFactory     : Creating shared instance of singleton bean 'jpa.named-queries#0'
2024-09-20T12:14:54.641+05:30 DEBUG 25404 --- [Portfolio] [           main] o.s.b.f.s.DefaultListableBeanFactory     : Creating shared instance of singleton bean 'jpa.ContactFormRepository.fragments#0'
2024-09-20T12:14:54.647+05:30 DEBUG 25404 --- [Portfolio] [           main] o.s.b.f.s.DefaultListableBeanFactory     : Creating shared instance of singleton bean 'jpaSharedEM_entityManagerFactory'
2024-09-20T12:14:54.674+05:30 DEBUG 25404 --- [Portfolio] [           main] o.s.b.f.s.DefaultListableBeanFactory     : Creating shared instance of singleton bean 'jpaMappingContext'
2024-09-20T12:14:54.674+05:30 DEBUG 25404 --- [Portfolio] [           main] .c.JpaMetamodelMappingContextFactoryBean : Initializing JpaMetamodelMappingContext…
2024-09-20T12:14:54.692+05:30 DEBUG 25404 --- [Portfolio] [           main] .c.JpaMetamodelMappingContextFactoryBean : Finished initializing JpaMetamodelMappingContext
2024-09-20T12:14:54.721+05:30 DEBUG 25404 --- [Portfolio] [           main] tor$SharedEntityManagerInvocationHandler : Creating new EntityManager for shared EntityManager invocation
2024-09-20T12:14:54.757+05:30 DEBUG 25404 --- [Portfolio] [           main] tor$SharedEntityManagerInvocationHandler : Creating new EntityManager for shared EntityManager invocation
2024-09-20T12:14:54.809+05:30 DEBUG 25404 --- [Portfolio] [           main] o.s.d.r.c.s.RepositoryFactorySupport     : Initializing repository instance for com.personal.Portfolio.repository.ContactFormRepository…
2024-09-20T12:14:54.821+05:30 DEBUG 25404 --- [Portfolio] [           main] tor$SharedEntityManagerInvocationHandler : Creating new EntityManager for shared EntityManager invocation
2024-09-20T12:14:54.863+05:30 DEBUG 25404 --- [Portfolio] [           main] o.s.d.r.c.s.RepositoryFactorySupport     : Finished creation of repository instance for com.personal.Portfolio.repository.ContactFormRepository.
2024-09-20T12:14:54.870+05:30 DEBUG 25404 --- [Portfolio] [           main] o.s.b.f.s.DefaultListableBeanFactory     : Creating shared instance of singleton bean 'org.springframework.boot.autoconfigure.context.PropertyPlaceholderAutoConfiguration'
2024-09-20T12:14:54.871+05:30 DEBUG 25404 --- [Portfolio] [           main] o.s.b.f.s.DefaultListableBeanFactory     : Creating shared instance of singleton bean 'org.springframework.boot.autoconfigure.ssl.SslAutoConfiguration'
2024-09-20T12:14:54.873+05:30 DEBUG 25404 --- [Portfolio] [           main] o.s.b.f.s.DefaultListableBeanFactory     : Creating shared instance of singleton bean 'spring.ssl-org.springframework.boot.autoconfigure.ssl.SslProperties'
2024-09-20T12:14:54.877+05:30 DEBUG 25404 --- [Portfolio] [           main] o.s.b.f.s.DefaultListableBeanFactory     : Autowiring by type from bean name 'org.springframework.boot.autoconfigure.ssl.SslAutoConfiguration' via constructor to bean named 'spring.ssl-org.springframework.boot.autoconfigure.ssl.SslProperties'
2024-09-20T12:14:54.878+05:30 DEBUG 25404 --- [Portfolio] [           main] o.s.b.f.s.DefaultListableBeanFactory     : Creating shared instance of singleton bean 'fileWatcher'
2024-09-20T12:14:54.881+05:30 DEBUG 25404 --- [Portfolio] [           main] o.s.b.f.s.DefaultListableBeanFactory     : Creating shared instance of singleton bean 'sslPropertiesSslBundleRegistrar'
2024-09-20T12:14:54.882+05:30 DEBUG 25404 --- [Portfolio] [           main] o.s.b.f.s.DefaultListableBeanFactory     : Autowiring by type from bean name 'sslPropertiesSslBundleRegistrar' via factory method to bean named 'fileWatcher'
2024-09-20T12:14:54.885+05:30 DEBUG 25404 --- [Portfolio] [           main] o.s.b.f.s.DefaultListableBeanFactory     : Creating shared instance of singleton bean 'sslBundleRegistry'
2024-09-20T12:14:54.891+05:30 DEBUG 25404 --- [Portfolio] [           main] o.s.b.f.s.DefaultListableBeanFactory     : Creating shared instance of singleton bean 'org.springframework.boot.context.properties.EnableConfigurationPropertiesRegistrar.methodValidationExcludeFilter'
2024-09-20T12:14:54.894+05:30 DEBUG 25404 --- [Portfolio] [           main] o.s.b.f.s.DefaultListableBeanFactory     : Creating shared instance of singleton bean 'org.springframework.boot.autoconfigure.websocket.servlet.WebSocketServletAutoConfiguration$TomcatWebSocketConfiguration'
2024-09-20T12:14:54.897+05:30 DEBUG 25404 --- [Portfolio] [           main] o.s.b.f.s.DefaultListableBeanFactory     : Creating shared instance of singleton bean 'websocketServletWebServerCustomizer'
2024-09-20T12:14:54.901+05:30 DEBUG 25404 --- [Portfolio] [           main] o.s.b.f.s.DefaultListableBeanFactory     : Creating shared instance of singleton bean 'org.springframework.boot.autoconfigure.websocket.servlet.WebSocketServletAutoConfiguration'
2024-09-20T12:14:54.902+05:30 DEBUG 25404 --- [Portfolio] [           main] o.s.b.f.s.DefaultListableBeanFactory     : Creating shared instance of singleton bean 'org.springframework.boot.autoconfigure.web.servlet.ServletWebServerFactoryConfiguration$EmbeddedTomcat'
2024-09-20T12:14:54.903+05:30 DEBUG 25404 --- [Portfolio] [           main] o.s.b.f.s.DefaultListableBeanFactory     : Creating shared instance of singleton bean 'tomcatServletWebServerFactory'
2024-09-20T12:14:54.975+05:30 DEBUG 25404 --- [Portfolio] [           main] o.s.b.f.s.DefaultListableBeanFactory     : Creating shared instance of singleton bean 'servletWebServerFactoryCustomizer'
2024-09-20T12:14:54.976+05:30 DEBUG 25404 --- [Portfolio] [           main] o.s.b.f.s.DefaultListableBeanFactory     : Creating shared instance of singleton bean 'org.springframework.boot.autoconfigure.web.servlet.ServletWebServerFactoryAutoConfiguration'
2024-09-20T12:14:54.977+05:30 DEBUG 25404 --- [Portfolio] [           main] o.s.b.f.s.DefaultListableBeanFactory     : Creating shared instance of singleton bean 'server-org.springframework.boot.autoconfigure.web.ServerProperties'
2024-09-20T12:14:54.987+05:30 DEBUG 25404 --- [Portfolio] [           main] o.s.b.f.s.DefaultListableBeanFactory     : Autowiring by type from bean name 'servletWebServerFactoryCustomizer' via factory method to bean named 'server-org.springframework.boot.autoconfigure.web.ServerProperties'
2024-09-20T12:14:54.989+05:30 DEBUG 25404 --- [Portfolio] [           main] o.s.b.f.s.DefaultListableBeanFactory     : Creating shared instance of singleton bean 'tomcatServletWebServerFactoryCustomizer'
2024-09-20T12:14:54.989+05:30 DEBUG 25404 --- [Portfolio] [           main] o.s.b.f.s.DefaultListableBeanFactory     : Autowiring by type from bean name 'tomcatServletWebServerFactoryCustomizer' via factory method to bean named 'server-org.springframework.boot.autoconfigure.web.ServerProperties'
2024-09-20T12:14:54.990+05:30 DEBUG 25404 --- [Portfolio] [           main] o.s.b.f.s.DefaultListableBeanFactory     : Creating shared instance of singleton bean 'localeCharsetMappingsCustomizer'
2024-09-20T12:14:54.990+05:30 DEBUG 25404 --- [Portfolio] [           main] o.s.b.f.s.DefaultListableBeanFactory     : Creating shared instance of singleton bean 'org.springframework.boot.autoconfigure.web.servlet.HttpEncodingAutoConfiguration'
2024-09-20T12:14:54.990+05:30 DEBUG 25404 --- [Portfolio] [           main] o.s.b.f.s.DefaultListableBeanFactory     : Autowiring by type from bean name 'org.springframework.boot.autoconfigure.web.servlet.HttpEncodingAutoConfiguration' via constructor to bean named 'server-org.springframework.boot.autoconfigure.web.ServerProperties'
2024-09-20T12:14:55.002+05:30 DEBUG 25404 --- [Portfolio] [           main] o.s.b.f.s.DefaultListableBeanFactory     : Creating shared instance of singleton bean 'errorPageCustomizer'
2024-09-20T12:14:55.002+05:30 DEBUG 25404 --- [Portfolio] [           main] o.s.b.f.s.DefaultListableBeanFactory     : Creating shared instance of singleton bean 'org.springframework.boot.autoconfigure.web.servlet.error.ErrorMvcAutoConfiguration'
2024-09-20T12:14:55.002+05:30 DEBUG 25404 --- [Portfolio] [           main] o.s.b.f.s.DefaultListableBeanFactory     : Autowiring by type from bean name 'org.springframework.boot.autoconfigure.web.servlet.error.ErrorMvcAutoConfiguration' via constructor to bean named 'server-org.springframework.boot.autoconfigure.web.ServerProperties'
2024-09-20T12:14:55.003+05:30 DEBUG 25404 --- [Portfolio] [           main] o.s.b.f.s.DefaultListableBeanFactory     : Creating shared instance of singleton bean 'dispatcherServletRegistration'
2024-09-20T12:14:55.004+05:30 DEBUG 25404 --- [Portfolio] [           main] o.s.b.f.s.DefaultListableBeanFactory     : Creating shared instance of singleton bean 'org.springframework.boot.autoconfigure.web.servlet.DispatcherServletAutoConfiguration$DispatcherServletRegistrationConfiguration'
2024-09-20T12:14:55.004+05:30 DEBUG 25404 --- [Portfolio] [           main] o.s.b.f.s.DefaultListableBeanFactory     : Creating shared instance of singleton bean 'dispatcherServlet'
2024-09-20T12:14:55.004+05:30 DEBUG 25404 --- [Portfolio] [           main] o.s.b.f.s.DefaultListableBeanFactory     : Creating shared instance of singleton bean 'org.springframework.boot.autoconfigure.web.servlet.DispatcherServletAutoConfiguration$DispatcherServletConfiguration'
2024-09-20T12:14:55.005+05:30 DEBUG 25404 --- [Portfolio] [           main] o.s.b.f.s.DefaultListableBeanFactory     : Creating shared instance of singleton bean 'spring.mvc-org.springframework.boot.autoconfigure.web.servlet.WebMvcProperties'
2024-09-20T12:14:55.008+05:30 DEBUG 25404 --- [Portfolio] [           main] o.s.b.f.s.DefaultListableBeanFactory     : Autowiring by type from bean name 'dispatcherServlet' via factory method to bean named 'spring.mvc-org.springframework.boot.autoconfigure.web.servlet.WebMvcProperties'
2024-09-20T12:14:55.022+05:30 DEBUG 25404 --- [Portfolio] [           main] o.s.b.f.s.DefaultListableBeanFactory     : Autowiring by type from bean name 'dispatcherServletRegistration' via factory method to bean named 'dispatcherServlet'
2024-09-20T12:14:55.022+05:30 DEBUG 25404 --- [Portfolio] [           main] o.s.b.f.s.DefaultListableBeanFactory     : Autowiring by type from bean name 'dispatcherServletRegistration' via factory method to bean named 'spring.mvc-org.springframework.boot.autoconfigure.web.servlet.WebMvcProperties'
2024-09-20T12:14:55.024+05:30 DEBUG 25404 --- [Portfolio] [           main] o.s.b.f.s.DefaultListableBeanFactory     : Creating shared instance of singleton bean 'multipartConfigElement'
2024-09-20T12:14:55.024+05:30 DEBUG 25404 --- [Portfolio] [           main] o.s.b.f.s.DefaultListableBeanFactory     : Creating shared instance of singleton bean 'org.springframework.boot.autoconfigure.web.servlet.MultipartAutoConfiguration'
2024-09-20T12:14:55.025+05:30 DEBUG 25404 --- [Portfolio] [           main] o.s.b.f.s.DefaultListableBeanFactory     : Creating shared instance of singleton bean 'spring.servlet.multipart-org.springframework.boot.autoconfigure.web.servlet.MultipartProperties'
2024-09-20T12:14:55.029+05:30 DEBUG 25404 --- [Portfolio] [           main] o.s.b.f.s.DefaultListableBeanFactory     : Autowiring by type from bean name 'org.springframework.boot.autoconfigure.web.servlet.MultipartAutoConfiguration' via constructor to bean named 'spring.servlet.multipart-org.springframework.boot.autoconfigure.web.servlet.MultipartProperties'
2024-09-20T12:14:55.033+05:30 DEBUG 25404 --- [Portfolio] [           main] o.s.b.f.s.DefaultListableBeanFactory     : Autowiring by type from bean name 'errorPageCustomizer' via factory method to bean named 'dispatcherServletRegistration'
2024-09-20T12:14:55.037+05:30 DEBUG 25404 --- [Portfolio] [           main] o.s.b.f.s.DefaultListableBeanFactory     : Creating shared instance of singleton bean 'org.springframework.boot.autoconfigure.web.servlet.DispatcherServletAutoConfiguration'
2024-09-20T12:14:55.038+05:30 DEBUG 25404 --- [Portfolio] [           main] o.s.b.f.s.DefaultListableBeanFactory     : Creating shared instance of singleton bean 'org.springframework.boot.autoconfigure.task.TaskExecutorConfigurations$ThreadPoolTaskExecutorBuilderConfiguration'
2024-09-20T12:14:55.038+05:30 DEBUG 25404 --- [Portfolio] [           main] o.s.b.f.s.DefaultListableBeanFactory     : Creating shared instance of singleton bean 'threadPoolTaskExecutorBuilder'
2024-09-20T12:14:55.039+05:30 DEBUG 25404 --- [Portfolio] [           main] o.s.b.f.s.DefaultListableBeanFactory     : Creating shared instance of singleton bean 'spring.task.execution-org.springframework.boot.autoconfigure.task.TaskExecutionProperties'
2024-09-20T12:14:55.042+05:30 DEBUG 25404 --- [Portfolio] [           main] o.s.b.f.s.DefaultListableBeanFactory     : Autowiring by type from bean name 'threadPoolTaskExecutorBuilder' via factory method to bean named 'spring.task.execution-org.springframework.boot.autoconfigure.task.TaskExecutionProperties'
2024-09-20T12:14:55.046+05:30 DEBUG 25404 --- [Portfolio] [           main] o.s.b.f.s.DefaultListableBeanFactory     : Creating shared instance of singleton bean 'org.springframework.boot.autoconfigure.task.TaskExecutorConfigurations$TaskExecutorBuilderConfiguration'
2024-09-20T12:14:55.047+05:30 DEBUG 25404 --- [Portfolio] [           main] o.s.b.f.s.DefaultListableBeanFactory     : Creating shared instance of singleton bean 'taskExecutorBuilder'
2024-09-20T12:14:55.047+05:30 DEBUG 25404 --- [Portfolio] [           main] o.s.b.f.s.DefaultListableBeanFactory     : Autowiring by type from bean name 'taskExecutorBuilder' via factory method to bean named 'spring.task.execution-org.springframework.boot.autoconfigure.task.TaskExecutionProperties'
2024-09-20T12:14:55.048+05:30 DEBUG 25404 --- [Portfolio] [           main] o.s.b.f.s.DefaultListableBeanFactory     : Creating shared instance of singleton bean 'org.springframework.boot.autoconfigure.task.TaskExecutorConfigurations$SimpleAsyncTaskExecutorBuilderConfiguration'
2024-09-20T12:14:55.049+05:30 DEBUG 25404 --- [Portfolio] [           main] o.s.b.f.s.DefaultListableBeanFactory     : Autowiring by type from bean name 'org.springframework.boot.autoconfigure.task.TaskExecutorConfigurations$SimpleAsyncTaskExecutorBuilderConfiguration' via constructor to bean named 'spring.task.execution-org.springframework.boot.autoconfigure.task.TaskExecutionProperties'
2024-09-20T12:14:55.050+05:30 DEBUG 25404 --- [Portfolio] [           main] o.s.b.f.s.DefaultListableBeanFactory     : Creating shared instance of singleton bean 'simpleAsyncTaskExecutorBuilder'
2024-09-20T12:14:55.052+05:30 DEBUG 25404 --- [Portfolio] [           main] o.s.b.f.s.DefaultListableBeanFactory     : Creating shared instance of singleton bean 'org.springframework.boot.autoconfigure.task.TaskExecutorConfigurations$TaskExecutorConfiguration'
2024-09-20T12:14:55.052+05:30 DEBUG 25404 --- [Portfolio] [           main] o.s.b.f.s.DefaultListableBeanFactory     : Creating shared instance of singleton bean 'org.springframework.boot.autoconfigure.task.TaskExecutionAutoConfiguration'
2024-09-20T12:14:55.053+05:30 DEBUG 25404 --- [Portfolio] [           main] o.s.b.f.s.DefaultListableBeanFactory     : Creating shared instance of singleton bean 'org.springframework.boot.autoconfigure.web.servlet.error.ErrorMvcAutoConfiguration$WhitelabelErrorViewConfiguration'
2024-09-20T12:14:55.054+05:30 DEBUG 25404 --- [Portfolio] [           main] o.s.b.f.s.DefaultListableBeanFactory     : Creating shared instance of singleton bean 'error'
2024-09-20T12:14:55.054+05:30 DEBUG 25404 --- [Portfolio] [           main] o.s.b.f.s.DefaultListableBeanFactory     : Creating shared instance of singleton bean 'beanNameViewResolver'
2024-09-20T12:14:55.056+05:30 DEBUG 25404 --- [Portfolio] [           main] o.s.b.f.s.DefaultListableBeanFactory     : Creating shared instance of singleton bean 'org.springframework.boot.autoconfigure.web.servlet.error.ErrorMvcAutoConfiguration$DefaultErrorViewResolverConfiguration'
2024-09-20T12:14:55.058+05:30 DEBUG 25404 --- [Portfolio] [           main] o.s.b.f.s.DefaultListableBeanFactory     : Creating shared instance of singleton bean 'spring.web-org.springframework.boot.autoconfigure.web.WebProperties'
2024-09-20T12:14:55.063+05:30 DEBUG 25404 --- [Portfolio] [           main] o.s.b.f.s.DefaultListableBeanFactory     : Autowiring by type from bean name 'org.springframework.boot.autoconfigure.web.servlet.error.ErrorMvcAutoConfiguration$DefaultErrorViewResolverConfiguration' via constructor to bean named 'org.springframework.web.context.support.GenericWebApplicationContext@1edb61b1'
2024-09-20T12:14:55.063+05:30 DEBUG 25404 --- [Portfolio] [           main] o.s.b.f.s.DefaultListableBeanFactory     : Autowiring by type from bean name 'org.springframework.boot.autoconfigure.web.servlet.error.ErrorMvcAutoConfiguration$DefaultErrorViewResolverConfiguration' via constructor to bean named 'spring.web-org.springframework.boot.autoconfigure.web.WebProperties'
2024-09-20T12:14:55.064+05:30 DEBUG 25404 --- [Portfolio] [           main] o.s.b.f.s.DefaultListableBeanFactory     : Creating shared instance of singleton bean 'conventionErrorViewResolver'
2024-09-20T12:14:55.067+05:30 DEBUG 25404 --- [Portfolio] [           main] o.s.b.f.s.DefaultListableBeanFactory     : Creating shared instance of singleton bean 'errorAttributes'
2024-09-20T12:14:55.074+05:30 DEBUG 25404 --- [Portfolio] [           main] o.s.b.f.s.DefaultListableBeanFactory     : Creating shared instance of singleton bean 'basicErrorController'
2024-09-20T12:14:55.078+05:30 DEBUG 25404 --- [Portfolio] [           main] o.s.b.f.s.DefaultListableBeanFactory     : Autowiring by type from bean name 'basicErrorController' via factory method to bean named 'errorAttributes'
2024-09-20T12:14:55.088+05:30 DEBUG 25404 --- [Portfolio] [           main] o.s.b.f.s.DefaultListableBeanFactory     : Creating shared instance of singleton bean 'org.springframework.boot.autoconfigure.web.servlet.WebMvcAutoConfiguration$EnableWebMvcConfiguration'
2024-09-20T12:14:55.090+05:30 DEBUG 25404 --- [Portfolio] [           main] o.s.b.f.s.DefaultListableBeanFactory     : Autowiring by type from bean name 'org.springframework.boot.autoconfigure.web.servlet.WebMvcAutoConfiguration$EnableWebMvcConfiguration' via constructor to bean named 'spring.mvc-org.springframework.boot.autoconfigure.web.servlet.WebMvcProperties'
2024-09-20T12:14:55.091+05:30 DEBUG 25404 --- [Portfolio] [           main] o.s.b.f.s.DefaultListableBeanFactory     : Autowiring by type from bean name 'org.springframework.boot.autoconfigure.web.servlet.WebMvcAutoConfiguration$EnableWebMvcConfiguration' via constructor to bean named 'spring.web-org.springframework.boot.autoconfigure.web.WebProperties'
2024-09-20T12:14:55.091+05:30 DEBUG 25404 --- [Portfolio] [           main] o.s.b.f.s.DefaultListableBeanFactory     : Autowiring by type from bean name 'org.springframework.boot.autoconfigure.web.servlet.WebMvcAutoConfiguration$EnableWebMvcConfiguration' via constructor to bean named 'org.springframework.beans.factory.support.DefaultListableBeanFactory@263558c9'
2024-09-20T12:14:55.098+05:30 DEBUG 25404 --- [Portfolio] [           main] o.s.b.f.s.DefaultListableBeanFactory     : Creating shared instance of singleton bean 'org.springframework.boot.autoconfigure.web.servlet.WebMvcAutoConfiguration$WebMvcAutoConfigurationAdapter'
2024-09-20T12:14:55.099+05:30 DEBUG 25404 --- [Portfolio] [           main] o.s.b.f.s.DefaultListableBeanFactory     : Autowiring by type from bean name 'org.springframework.boot.autoconfigure.web.servlet.WebMvcAutoConfiguration$WebMvcAutoConfigurationAdapter' via constructor to bean named 'spring.web-org.springframework.boot.autoconfigure.web.WebProperties'
2024-09-20T12:14:55.099+05:30 DEBUG 25404 --- [Portfolio] [           main] o.s.b.f.s.DefaultListableBeanFactory     : Autowiring by type from bean name 'org.springframework.boot.autoconfigure.web.servlet.WebMvcAutoConfiguration$WebMvcAutoConfigurationAdapter' via constructor to bean named 'spring.mvc-org.springframework.boot.autoconfigure.web.servlet.WebMvcProperties'
2024-09-20T12:14:55.099+05:30 DEBUG 25404 --- [Portfolio] [           main] o.s.b.f.s.DefaultListableBeanFactory     : Autowiring by type from bean name 'org.springframework.boot.autoconfigure.web.servlet.WebMvcAutoConfiguration$WebMvcAutoConfigurationAdapter' via constructor to bean named 'org.springframework.beans.factory.support.DefaultListableBeanFactory@263558c9'
2024-09-20T12:14:55.102+05:30 DEBUG 25404 --- [Portfolio] [           main] o.s.b.f.s.DefaultListableBeanFactory     : Creating shared instance of singleton bean 'openEntityManagerInViewInterceptorConfigurer'
2024-09-20T12:14:55.103+05:30 DEBUG 25404 --- [Portfolio] [           main] o.s.b.f.s.DefaultListableBeanFactory     : Creating shared instance of singleton bean 'org.springframework.boot.autoconfigure.orm.jpa.JpaBaseConfiguration$JpaWebConfiguration'
2024-09-20T12:14:55.104+05:30 DEBUG 25404 --- [Portfolio] [           main] o.s.b.f.s.DefaultListableBeanFactory     : Autowiring by type from bean name 'org.springframework.boot.autoconfigure.orm.jpa.JpaBaseConfiguration$JpaWebConfiguration' via constructor to bean named 'spring.jpa-org.springframework.boot.autoconfigure.orm.jpa.JpaProperties'
2024-09-20T12:14:55.105+05:30 DEBUG 25404 --- [Portfolio] [           main] o.s.b.f.s.DefaultListableBeanFactory     : Creating shared instance of singleton bean 'openEntityManagerInViewInterceptor'
2024-09-20T12:14:55.105+05:30  WARN 25404 --- [Portfolio] [           main] JpaBaseConfiguration$JpaWebConfiguration : spring.jpa.open-in-view is enabled by default. Therefore, database queries may be performed during view rendering. Explicitly configure spring.jpa.open-in-view to disable this warning
2024-09-20T12:14:55.127+05:30 DEBUG 25404 --- [Portfolio] [           main] o.s.b.f.s.DefaultListableBeanFactory     : Autowiring by type from bean name 'openEntityManagerInViewInterceptorConfigurer' via factory method to bean named 'openEntityManagerInViewInterceptor'
2024-09-20T12:14:55.130+05:30 DEBUG 25404 --- [Portfolio] [           main] o.s.b.f.s.DefaultListableBeanFactory     : Creating shared instance of singleton bean 'org.springframework.data.web.config.SpringDataWebConfiguration'
2024-09-20T12:14:55.133+05:30 DEBUG 25404 --- [Portfolio] [           main] o.s.b.f.s.DefaultListableBeanFactory     : Autowiring by type from bean name 'org.springframework.data.web.config.SpringDataWebConfiguration' via constructor to bean named 'org.springframework.web.context.support.GenericWebApplicationContext@1edb61b1'
2024-09-20T12:14:55.138+05:30 DEBUG 25404 --- [Portfolio] [           main] o.s.b.f.s.DefaultListableBeanFactory     : Creating shared instance of singleton bean 'welcomePageHandlerMapping'
2024-09-20T12:14:55.139+05:30 DEBUG 25404 --- [Portfolio] [           main] o.s.b.f.s.DefaultListableBeanFactory     : Creating shared instance of singleton bean 'mvcConversionService'
2024-09-20T12:14:55.162+05:30 DEBUG 25404 --- [Portfolio] [           main] o.s.b.f.s.DefaultListableBeanFactory     : Creating shared instance of singleton bean 'mvcResourceUrlProvider'
2024-09-20T12:14:55.167+05:30 DEBUG 25404 --- [Portfolio] [           main] o.s.b.f.s.DefaultListableBeanFactory     : Autowiring by type from bean name 'welcomePageHandlerMapping' via factory method to bean named 'org.springframework.web.context.support.GenericWebApplicationContext@1edb61b1'
2024-09-20T12:14:55.168+05:30 DEBUG 25404 --- [Portfolio] [           main] o.s.b.f.s.DefaultListableBeanFactory     : Autowiring by type from bean name 'welcomePageHandlerMapping' via factory method to bean named 'mvcConversionService'
2024-09-20T12:14:55.168+05:30 DEBUG 25404 --- [Portfolio] [           main] o.s.b.f.s.DefaultListableBeanFactory     : Autowiring by type from bean name 'welcomePageHandlerMapping' via factory method to bean named 'mvcResourceUrlProvider'
2024-09-20T12:14:55.189+05:30 DEBUG 25404 --- [Portfolio] [           main] o.s.b.f.s.DefaultListableBeanFactory     : Creating shared instance of singleton bean 'welcomePageNotAcceptableHandlerMapping'
2024-09-20T12:14:55.190+05:30 DEBUG 25404 --- [Portfolio] [           main] o.s.b.f.s.DefaultListableBeanFactory     : Autowiring by type from bean name 'welcomePageNotAcceptableHandlerMapping' via factory method to bean named 'org.springframework.web.context.support.GenericWebApplicationContext@1edb61b1'
2024-09-20T12:14:55.190+05:30 DEBUG 25404 --- [Portfolio] [           main] o.s.b.f.s.DefaultListableBeanFactory     : Autowiring by type from bean name 'welcomePageNotAcceptableHandlerMapping' via factory method to bean named 'mvcConversionService'
2024-09-20T12:14:55.190+05:30 DEBUG 25404 --- [Portfolio] [           main] o.s.b.f.s.DefaultListableBeanFactory     : Autowiring by type from bean name 'welcomePageNotAcceptableHandlerMapping' via factory method to bean named 'mvcResourceUrlProvider'
2024-09-20T12:14:55.194+05:30 DEBUG 25404 --- [Portfolio] [           main] o.s.b.f.s.DefaultListableBeanFactory     : Creating shared instance of singleton bean 'localeResolver'
2024-09-20T12:14:55.196+05:30 DEBUG 25404 --- [Portfolio] [           main] o.s.b.f.s.DefaultListableBeanFactory     : Creating shared instance of singleton bean 'themeResolver'
2024-09-20T12:14:55.197+05:30 DEBUG 25404 --- [Portfolio] [           main] o.s.b.f.s.DefaultListableBeanFactory     : Creating shared instance of singleton bean 'flashMapManager'
2024-09-20T12:14:55.199+05:30 DEBUG 25404 --- [Portfolio] [           main] o.s.b.f.s.DefaultListableBeanFactory     : Creating shared instance of singleton bean 'mvcValidator'
2024-09-20T12:14:55.201+05:30 DEBUG 25404 --- [Portfolio] [           main] o.s.b.f.s.DefaultListableBeanFactory     : Creating shared instance of singleton bean 'mvcContentNegotiationManager'
2024-09-20T12:14:55.207+05:30 DEBUG 25404 --- [Portfolio] [           main] o.s.b.f.s.DefaultListableBeanFactory     : Creating shared instance of singleton bean 'requestMappingHandlerMapping'
2024-09-20T12:14:55.209+05:30 DEBUG 25404 --- [Portfolio] [           main] o.s.b.f.s.DefaultListableBeanFactory     : Autowiring by type from bean name 'requestMappingHandlerMapping' via factory method to bean named 'mvcContentNegotiationManager'
2024-09-20T12:14:55.209+05:30 DEBUG 25404 --- [Portfolio] [           main] o.s.b.f.s.DefaultListableBeanFactory     : Autowiring by type from bean name 'requestMappingHandlerMapping' via factory method to bean named 'mvcConversionService'
2024-09-20T12:14:55.209+05:30 DEBUG 25404 --- [Portfolio] [           main] o.s.b.f.s.DefaultListableBeanFactory     : Autowiring by type from bean name 'requestMappingHandlerMapping' via factory method to bean named 'mvcResourceUrlProvider'
2024-09-20T12:14:55.247+05:30 DEBUG 25404 --- [Portfolio] [           main] s.w.s.m.m.a.RequestMappingHandlerMapping : 4 mappings in 'requestMappingHandlerMapping'
2024-09-20T12:14:55.250+05:30 DEBUG 25404 --- [Portfolio] [           main] o.s.b.f.s.DefaultListableBeanFactory     : Creating shared instance of singleton bean 'mvcPatternParser'
2024-09-20T12:14:55.251+05:30 DEBUG 25404 --- [Portfolio] [           main] o.s.b.f.s.DefaultListableBeanFactory     : Creating shared instance of singleton bean 'mvcUrlPathHelper'
2024-09-20T12:14:55.251+05:30 DEBUG 25404 --- [Portfolio] [           main] o.s.b.f.s.DefaultListableBeanFactory     : Creating shared instance of singleton bean 'mvcPathMatcher'
2024-09-20T12:14:55.252+05:30 DEBUG 25404 --- [Portfolio] [           main] o.s.b.f.s.DefaultListableBeanFactory     : Creating shared instance of singleton bean 'viewControllerHandlerMapping'
2024-09-20T12:14:55.252+05:30 DEBUG 25404 --- [Portfolio] [           main] o.s.b.f.s.DefaultListableBeanFactory     : Autowiring by type from bean name 'viewControllerHandlerMapping' via factory method to bean named 'mvcConversionService'
2024-09-20T12:14:55.252+05:30 DEBUG 25404 --- [Portfolio] [           main] o.s.b.f.s.DefaultListableBeanFactory     : Autowiring by type from bean name 'viewControllerHandlerMapping' via factory method to bean named 'mvcResourceUrlProvider'
2024-09-20T12:14:55.253+05:30 DEBUG 25404 --- [Portfolio] [           main] o.s.b.f.s.DefaultListableBeanFactory     : Creating shared instance of singleton bean 'beanNameHandlerMapping'
2024-09-20T12:14:55.254+05:30 DEBUG 25404 --- [Portfolio] [           main] o.s.b.f.s.DefaultListableBeanFactory     : Autowiring by type from bean name 'beanNameHandlerMapping' via factory method to bean named 'mvcConversionService'
2024-09-20T12:14:55.254+05:30 DEBUG 25404 --- [Portfolio] [           main] o.s.b.f.s.DefaultListableBeanFactory     : Autowiring by type from bean name 'beanNameHandlerMapping' via factory method to bean named 'mvcResourceUrlProvider'
2024-09-20T12:14:55.257+05:30 DEBUG 25404 --- [Portfolio] [           main] o.s.b.f.s.DefaultListableBeanFactory     : Creating shared instance of singleton bean 'routerFunctionMapping'
2024-09-20T12:14:55.257+05:30 DEBUG 25404 --- [Portfolio] [           main] o.s.b.f.s.DefaultListableBeanFactory     : Autowiring by type from bean name 'routerFunctionMapping' via factory method to bean named 'mvcConversionService'
2024-09-20T12:14:55.257+05:30 DEBUG 25404 --- [Portfolio] [           main] o.s.b.f.s.DefaultListableBeanFactory     : Autowiring by type from bean name 'routerFunctionMapping' via factory method to bean named 'mvcResourceUrlProvider'
2024-09-20T12:14:55.258+05:30 DEBUG 25404 --- [Portfolio] [           main] o.s.b.f.s.DefaultListableBeanFactory     : Creating shared instance of singleton bean 'messageConverters'
2024-09-20T12:14:55.259+05:30 DEBUG 25404 --- [Portfolio] [           main] o.s.b.f.s.DefaultListableBeanFactory     : Creating shared instance of singleton bean 'org.springframework.boot.autoconfigure.http.HttpMessageConvertersAutoConfiguration'
2024-09-20T12:14:55.261+05:30 DEBUG 25404 --- [Portfolio] [           main] o.s.b.f.s.DefaultListableBeanFactory     : Creating shared instance of singleton bean 'stringHttpMessageConverter'
2024-09-20T12:14:55.261+05:30 DEBUG 25404 --- [Portfolio] [           main] o.s.b.f.s.DefaultListableBeanFactory     : Creating shared instance of singleton bean 'org.springframework.boot.autoconfigure.http.HttpMessageConvertersAutoConfiguration$StringHttpMessageConverterConfiguration'
2024-09-20T12:14:55.262+05:30 DEBUG 25404 --- [Portfolio] [           main] o.s.b.f.s.DefaultListableBeanFactory     : Autowiring by type from bean name 'stringHttpMessageConverter' via factory method to bean named 'environment'
2024-09-20T12:14:55.265+05:30 DEBUG 25404 --- [Portfolio] [           main] o.s.b.f.s.DefaultListableBeanFactory     : Creating shared instance of singleton bean 'mappingJackson2HttpMessageConverter'
2024-09-20T12:14:55.266+05:30 DEBUG 25404 --- [Portfolio] [           main] o.s.b.f.s.DefaultListableBeanFactory     : Creating shared instance of singleton bean 'org.springframework.boot.autoconfigure.http.JacksonHttpMessageConvertersConfiguration$MappingJackson2HttpMessageConverterConfiguration'
2024-09-20T12:14:55.267+05:30 DEBUG 25404 --- [Portfolio] [           main] o.s.b.f.s.DefaultListableBeanFactory     : Creating shared instance of singleton bean 'jacksonObjectMapper'
2024-09-20T12:14:55.267+05:30 DEBUG 25404 --- [Portfolio] [           main] o.s.b.f.s.DefaultListableBeanFactory     : Creating shared instance of singleton bean 'org.springframework.boot.autoconfigure.jackson.JacksonAutoConfiguration$JacksonObjectMapperConfiguration'
2024-09-20T12:14:55.268+05:30 DEBUG 25404 --- [Portfolio] [           main] o.s.b.f.s.DefaultListableBeanFactory     : Creating shared instance of singleton bean 'org.springframework.boot.autoconfigure.jackson.JacksonAutoConfiguration$JacksonObjectMapperBuilderConfiguration'
2024-09-20T12:14:55.269+05:30 DEBUG 25404 --- [Portfolio] [           main] o.s.b.f.s.DefaultListableBeanFactory     : Creating shared instance of singleton bean 'standardJacksonObjectMapperBuilderCustomizer'
2024-09-20T12:14:55.270+05:30 DEBUG 25404 --- [Portfolio] [           main] o.s.b.f.s.DefaultListableBeanFactory     : Creating shared instance of singleton bean 'org.springframework.boot.autoconfigure.jackson.JacksonAutoConfiguration$Jackson2ObjectMapperBuilderCustomizerConfiguration'
2024-09-20T12:14:55.271+05:30 DEBUG 25404 --- [Portfolio] [           main] o.s.b.f.s.DefaultListableBeanFactory     : Creating shared instance of singleton bean 'spring.jackson-org.springframework.boot.autoconfigure.jackson.JacksonProperties'
2024-09-20T12:14:55.277+05:30 DEBUG 25404 --- [Portfolio] [           main] o.s.b.f.s.DefaultListableBeanFactory     : Autowiring by type from bean name 'standardJacksonObjectMapperBuilderCustomizer' via factory method to bean named 'spring.jackson-org.springframework.boot.autoconfigure.jackson.JacksonProperties'
2024-09-20T12:14:55.278+05:30 DEBUG 25404 --- [Portfolio] [           main] o.s.b.f.s.DefaultListableBeanFactory     : Creating shared instance of singleton bean 'parameterNamesModule'
2024-09-20T12:14:55.279+05:30 DEBUG 25404 --- [Portfolio] [           main] o.s.b.f.s.DefaultListableBeanFactory     : Creating shared instance of singleton bean 'org.springframework.boot.autoconfigure.jackson.JacksonAutoConfiguration$ParameterNamesModuleConfiguration'
2024-09-20T12:14:55.286+05:30 DEBUG 25404 --- [Portfolio] [           main] o.s.b.f.s.DefaultListableBeanFactory     : Creating shared instance of singleton bean 'jsonMixinModule'
2024-09-20T12:14:55.287+05:30 DEBUG 25404 --- [Portfolio] [           main] o.s.b.f.s.DefaultListableBeanFactory     : Creating shared instance of singleton bean 'org.springframework.boot.autoconfigure.jackson.JacksonAutoConfiguration$JacksonMixinConfiguration'
2024-09-20T12:14:55.289+05:30 DEBUG 25404 --- [Portfolio] [           main] o.s.b.f.s.DefaultListableBeanFactory     : Creating shared instance of singleton bean 'jsonMixinModuleEntries'
2024-09-20T12:14:55.290+05:30 DEBUG 25404 --- [Portfolio] [           main] o.s.b.f.s.DefaultListableBeanFactory     : Autowiring by type from bean name 'jsonMixinModuleEntries' via factory method to bean named 'org.springframework.web.context.support.GenericWebApplicationContext@1edb61b1'
2024-09-20T12:14:55.307+05:30 DEBUG 25404 --- [Portfolio] [           main] o.s.b.f.s.DefaultListableBeanFactory     : Autowiring by type from bean name 'jsonMixinModule' via factory method to bean named 'org.springframework.web.context.support.GenericWebApplicationContext@1edb61b1'
2024-09-20T12:14:55.307+05:30 DEBUG 25404 --- [Portfolio] [           main] o.s.b.f.s.DefaultListableBeanFactory     : Autowiring by type from bean name 'jsonMixinModule' via factory method to bean named 'jsonMixinModuleEntries'
2024-09-20T12:14:55.313+05:30 DEBUG 25404 --- [Portfolio] [           main] o.s.b.f.s.DefaultListableBeanFactory     : Creating shared instance of singleton bean 'jsonComponentModule'
2024-09-20T12:14:55.313+05:30 DEBUG 25404 --- [Portfolio] [           main] o.s.b.f.s.DefaultListableBeanFactory     : Creating shared instance of singleton bean 'org.springframework.boot.autoconfigure.jackson.JacksonAutoConfiguration'
2024-09-20T12:14:55.324+05:30 DEBUG 25404 --- [Portfolio] [           main] o.s.b.f.s.DefaultListableBeanFactory     : Creating shared instance of singleton bean 'jacksonGeoModule'
2024-09-20T12:14:55.325+05:30 DEBUG 25404 --- [Portfolio] [           main] o.s.b.f.s.DefaultListableBeanFactory     : Creating shared instance of singleton bean 'org.springframework.data.web.config.SpringDataJacksonConfiguration'
2024-09-20T12:14:55.327+05:30 DEBUG 25404 --- [Portfolio] [           main] o.s.b.f.s.DefaultListableBeanFactory     : Creating shared instance of singleton bean 'org.springframework.data.web.config.SpringDataWebSettings'
2024-09-20T12:14:55.340+05:30 DEBUG 25404 --- [Portfolio] [           main] o.s.b.f.s.DefaultListableBeanFactory     : Creating shared instance of singleton bean 'pageModule'
2024-09-20T12:14:55.346+05:30 DEBUG 25404 --- [Portfolio] [           main] o.s.b.f.s.DefaultListableBeanFactory     : Autowiring by type from bean name 'jacksonObjectMapperBuilder' via factory method to bean named 'org.springframework.web.context.support.GenericWebApplicationContext@1edb61b1'
2024-09-20T12:14:55.346+05:30 DEBUG 25404 --- [Portfolio] [           main] o.s.b.f.s.DefaultListableBeanFactory     : Autowiring by type from bean name 'jacksonObjectMapperBuilder' via factory method to bean named 'standardJacksonObjectMapperBuilderCustomizer'
2024-09-20T12:14:55.350+05:30 DEBUG 25404 --- [Portfolio] [           main] o.s.b.f.s.DefaultListableBeanFactory     : Autowiring by type from bean name 'jacksonObjectMapper' via factory method to bean named 'jacksonObjectMapperBuilder'
2024-09-20T12:14:55.374+05:30 DEBUG 25404 --- [Portfolio] [           main] o.s.b.f.s.DefaultListableBeanFactory     : Autowiring by type from bean name 'mappingJackson2HttpMessageConverter' via factory method to bean named 'jacksonObjectMapper'
2024-09-20T12:14:55.425+05:30 DEBUG 25404 --- [Portfolio] [           main] o.s.b.f.s.DefaultListableBeanFactory     : Creating shared instance of singleton bean 'resourceHandlerMapping'
2024-09-20T12:14:55.426+05:30 DEBUG 25404 --- [Portfolio] [           main] o.s.b.f.s.DefaultListableBeanFactory     : Autowiring by type from bean name 'resourceHandlerMapping' via factory method to bean named 'mvcContentNegotiationManager'
2024-09-20T12:14:55.426+05:30 DEBUG 25404 --- [Portfolio] [           main] o.s.b.f.s.DefaultListableBeanFactory     : Autowiring by type from bean name 'resourceHandlerMapping' via factory method to bean named 'mvcConversionService'
2024-09-20T12:14:55.426+05:30 DEBUG 25404 --- [Portfolio] [           main] o.s.b.f.s.DefaultListableBeanFactory     : Autowiring by type from bean name 'resourceHandlerMapping' via factory method to bean named 'mvcResourceUrlProvider'
2024-09-20T12:14:55.440+05:30 DEBUG 25404 --- [Portfolio] [           main] o.s.w.s.handler.SimpleUrlHandlerMapping  : Patterns [/webjars/**, /**] in 'resourceHandlerMapping'
2024-09-20T12:14:55.442+05:30 DEBUG 25404 --- [Portfolio] [           main] o.s.b.f.s.DefaultListableBeanFactory     : Creating shared instance of singleton bean 'defaultServletHandlerMapping'
2024-09-20T12:14:55.443+05:30 DEBUG 25404 --- [Portfolio] [           main] o.s.b.f.s.DefaultListableBeanFactory     : Creating shared instance of singleton bean 'requestMappingHandlerAdapter'
2024-09-20T12:14:55.444+05:30 DEBUG 25404 --- [Portfolio] [           main] o.s.b.f.s.DefaultListableBeanFactory     : Autowiring by type from bean name 'requestMappingHandlerAdapter' via factory method to bean named 'mvcContentNegotiationManager'
2024-09-20T12:14:55.444+05:30 DEBUG 25404 --- [Portfolio] [           main] o.s.b.f.s.DefaultListableBeanFactory     : Autowiring by type from bean name 'requestMappingHandlerAdapter' via factory method to bean named 'mvcConversionService'
2024-09-20T12:14:55.444+05:30 DEBUG 25404 --- [Portfolio] [           main] o.s.b.f.s.DefaultListableBeanFactory     : Autowiring by type from bean name 'requestMappingHandlerAdapter' via factory method to bean named 'mvcValidator'
2024-09-20T12:14:55.449+05:30 DEBUG 25404 --- [Portfolio] [           main] o.s.b.f.s.DefaultListableBeanFactory     : Creating shared instance of singleton bean 'sortResolver'
2024-09-20T12:14:55.450+05:30 DEBUG 25404 --- [Portfolio] [           main] o.s.b.f.s.DefaultListableBeanFactory     : Creating shared instance of singleton bean 'sortCustomizer'
2024-09-20T12:14:55.451+05:30 DEBUG 25404 --- [Portfolio] [           main] o.s.b.f.s.DefaultListableBeanFactory     : Creating shared instance of singleton bean 'org.springframework.boot.autoconfigure.data.web.SpringDataWebAutoConfiguration'
2024-09-20T12:14:55.451+05:30 DEBUG 25404 --- [Portfolio] [           main] o.s.b.f.s.DefaultListableBeanFactory     : Creating shared instance of singleton bean 'spring.data.web-org.springframework.boot.autoconfigure.data.web.SpringDataWebProperties'
2024-09-20T12:14:55.453+05:30 DEBUG 25404 --- [Portfolio] [           main] o.s.b.f.s.DefaultListableBeanFactory     : Autowiring by type from bean name 'org.springframework.boot.autoconfigure.data.web.SpringDataWebAutoConfiguration' via constructor to bean named 'spring.data.web-org.springframework.boot.autoconfigure.data.web.SpringDataWebProperties'
2024-09-20T12:14:55.456+05:30 DEBUG 25404 --- [Portfolio] [           main] o.s.b.f.s.DefaultListableBeanFactory     : Creating shared instance of singleton bean 'pageableResolver'
2024-09-20T12:14:55.457+05:30 DEBUG 25404 --- [Portfolio] [           main] o.s.b.f.s.DefaultListableBeanFactory     : Creating shared instance of singleton bean 'pageableCustomizer'
2024-09-20T12:14:55.461+05:30 DEBUG 25404 --- [Portfolio] [           main] o.s.b.f.s.DefaultListableBeanFactory     : Creating shared instance of singleton bean 'applicationTaskExecutor'
2024-09-20T12:14:55.461+05:30 DEBUG 25404 --- [Portfolio] [           main] o.s.b.f.s.DefaultListableBeanFactory     : Autowiring by type from bean name 'applicationTaskExecutor' via factory method to bean named 'taskExecutorBuilder'
2024-09-20T12:14:55.468+05:30 DEBUG 25404 --- [Portfolio] [           main] o.s.s.concurrent.ThreadPoolTaskExecutor  : Initializing ExecutorService 'applicationTaskExecutor'
2024-09-20T12:14:55.480+05:30 DEBUG 25404 --- [Portfolio] [           main] s.w.s.m.m.a.RequestMappingHandlerAdapter : ControllerAdvice beans: 0 @ModelAttribute, 0 @InitBinder, 1 RequestBodyAdvice, 1 ResponseBodyAdvice
2024-09-20T12:14:55.517+05:30 DEBUG 25404 --- [Portfolio] [           main] o.s.b.f.s.DefaultListableBeanFactory     : Creating shared instance of singleton bean 'handlerFunctionAdapter'
2024-09-20T12:14:55.521+05:30 DEBUG 25404 --- [Portfolio] [           main] o.s.b.f.s.DefaultListableBeanFactory     : Creating shared instance of singleton bean 'mvcUriComponentsContributor'
2024-09-20T12:14:55.523+05:30 DEBUG 25404 --- [Portfolio] [           main] o.s.b.f.s.DefaultListableBeanFactory     : Autowiring by type from bean name 'mvcUriComponentsContributor' via factory method to bean named 'mvcConversionService'
2024-09-20T12:14:55.523+05:30 DEBUG 25404 --- [Portfolio] [           main] o.s.b.f.s.DefaultListableBeanFactory     : Autowiring by type from bean name 'mvcUriComponentsContributor' via factory method to bean named 'requestMappingHandlerAdapter'
2024-09-20T12:14:55.527+05:30 DEBUG 25404 --- [Portfolio] [           main] o.s.b.f.s.DefaultListableBeanFactory     : Creating shared instance of singleton bean 'httpRequestHandlerAdapter'
2024-09-20T12:14:55.529+05:30 DEBUG 25404 --- [Portfolio] [           main] o.s.b.f.s.DefaultListableBeanFactory     : Creating shared instance of singleton bean 'simpleControllerHandlerAdapter'
2024-09-20T12:14:55.530+05:30 DEBUG 25404 --- [Portfolio] [           main] o.s.b.f.s.DefaultListableBeanFactory     : Creating shared instance of singleton bean 'handlerExceptionResolver'
2024-09-20T12:14:55.531+05:30 DEBUG 25404 --- [Portfolio] [           main] o.s.b.f.s.DefaultListableBeanFactory     : Autowiring by type from bean name 'handlerExceptionResolver' via factory method to bean named 'mvcContentNegotiationManager'
2024-09-20T12:14:55.536+05:30 DEBUG 25404 --- [Portfolio] [           main] .m.m.a.ExceptionHandlerExceptionResolver : ControllerAdvice beans: 0 @ExceptionHandler, 1 ResponseBodyAdvice
2024-09-20T12:14:55.540+05:30 DEBUG 25404 --- [Portfolio] [           main] o.s.b.f.s.DefaultListableBeanFactory     : Creating shared instance of singleton bean 'mvcViewResolver'
2024-09-20T12:14:55.541+05:30 DEBUG 25404 --- [Portfolio] [           main] o.s.b.f.s.DefaultListableBeanFactory     : Autowiring by type from bean name 'mvcViewResolver' via factory method to bean named 'mvcContentNegotiationManager'
2024-09-20T12:14:55.545+05:30 DEBUG 25404 --- [Portfolio] [           main] o.s.b.f.s.DefaultListableBeanFactory     : Creating shared instance of singleton bean 'viewNameTranslator'
2024-09-20T12:14:55.547+05:30 DEBUG 25404 --- [Portfolio] [           main] o.s.b.f.s.DefaultListableBeanFactory     : Creating shared instance of singleton bean 'defaultViewResolver'
2024-09-20T12:14:55.556+05:30 DEBUG 25404 --- [Portfolio] [           main] o.s.b.f.s.DefaultListableBeanFactory     : Creating shared instance of singleton bean 'viewResolver'
2024-09-20T12:14:55.557+05:30 DEBUG 25404 --- [Portfolio] [           main] o.s.b.f.s.DefaultListableBeanFactory     : Autowiring by type from bean name 'viewResolver' via factory method to bean named 'org.springframework.beans.factory.support.DefaultListableBeanFactory@263558c9'
2024-09-20T12:14:55.560+05:30 DEBUG 25404 --- [Portfolio] [           main] o.s.b.f.s.DefaultListableBeanFactory     : Creating shared instance of singleton bean 'viewResolver'
2024-09-20T12:14:55.561+05:30 DEBUG 25404 --- [Portfolio] [           main] o.s.b.f.s.DefaultListableBeanFactory     : Creating shared instance of singleton bean 'requestContextFilter'
2024-09-20T12:14:55.567+05:30 DEBUG 25404 --- [Portfolio] [           main] o.s.b.f.s.DefaultListableBeanFactory     : Creating shared instance of singleton bean 'org.springframework.boot.autoconfigure.web.servlet.WebMvcAutoConfiguration'
2024-09-20T12:14:55.568+05:30 DEBUG 25404 --- [Portfolio] [           main] o.s.b.f.s.DefaultListableBeanFactory     : Creating shared instance of singleton bean 'formContentFilter'
2024-09-20T12:14:55.572+05:30 DEBUG 25404 --- [Portfolio] [           main] o.s.b.f.s.DefaultListableBeanFactory     : Creating shared instance of singleton bean 'org.springframework.boot.autoconfigure.aop.AopAutoConfiguration$AspectJAutoProxyingConfiguration$CglibAutoProxyConfiguration'
2024-09-20T12:14:55.573+05:30 DEBUG 25404 --- [Portfolio] [           main] o.s.b.f.s.DefaultListableBeanFactory     : Creating shared instance of singleton bean 'org.springframework.boot.autoconfigure.aop.AopAutoConfiguration$AspectJAutoProxyingConfiguration'
2024-09-20T12:14:55.574+05:30 DEBUG 25404 --- [Portfolio] [           main] o.s.b.f.s.DefaultListableBeanFactory     : Creating shared instance of singleton bean 'org.springframework.boot.autoconfigure.aop.AopAutoConfiguration'
2024-09-20T12:14:55.575+05:30 DEBUG 25404 --- [Portfolio] [           main] o.s.b.f.s.DefaultListableBeanFactory     : Creating shared instance of singleton bean 'org.springframework.boot.autoconfigure.availability.ApplicationAvailabilityAutoConfiguration'
2024-09-20T12:14:55.576+05:30 DEBUG 25404 --- [Portfolio] [           main] o.s.b.f.s.DefaultListableBeanFactory     : Creating shared instance of singleton bean 'applicationAvailability'
2024-09-20T12:14:55.580+05:30 DEBUG 25404 --- [Portfolio] [           main] o.s.b.f.s.DefaultListableBeanFactory     : Creating shared instance of singleton bean 'org.springframework.boot.autoconfigure.transaction.jta.JtaAutoConfiguration'
2024-09-20T12:14:55.581+05:30 DEBUG 25404 --- [Portfolio] [           main] o.s.b.f.s.DefaultListableBeanFactory     : Creating shared instance of singleton bean 'org.springframework.boot.autoconfigure.jdbc.metadata.DataSourcePoolMetadataProvidersConfiguration'
2024-09-20T12:14:55.582+05:30 DEBUG 25404 --- [Portfolio] [           main] o.s.b.f.s.DefaultListableBeanFactory     : Creating shared instance of singleton bean 'org.springframework.boot.autoconfigure.jdbc.DataSourceAutoConfiguration'
2024-09-20T12:14:55.583+05:30 DEBUG 25404 --- [Portfolio] [           main] o.s.b.f.s.DefaultListableBeanFactory     : Creating shared instance of singleton bean 'org.springframework.boot.autoconfigure.transaction.TransactionManagerCustomizationAutoConfiguration'
2024-09-20T12:14:55.584+05:30 DEBUG 25404 --- [Portfolio] [           main] o.s.b.f.s.DefaultListableBeanFactory     : Creating shared instance of singleton bean 'platformTransactionManagerCustomizers'
2024-09-20T12:14:55.585+05:30 DEBUG 25404 --- [Portfolio] [           main] o.s.b.f.s.DefaultListableBeanFactory     : Creating shared instance of singleton bean 'transactionExecutionListeners'
2024-09-20T12:14:55.590+05:30 DEBUG 25404 --- [Portfolio] [           main] o.s.b.f.s.DefaultListableBeanFactory     : Creating shared instance of singleton bean 'spring.transaction-org.springframework.boot.autoconfigure.transaction.TransactionProperties'
2024-09-20T12:14:55.595+05:30 DEBUG 25404 --- [Portfolio] [           main] o.s.b.f.s.DefaultListableBeanFactory     : Creating shared instance of singleton bean 'org.springframework.boot.autoconfigure.orm.jpa.JpaBaseConfiguration$PersistenceManagedTypesConfiguration'
2024-09-20T12:14:55.596+05:30 DEBUG 25404 --- [Portfolio] [           main] o.s.b.f.s.DefaultListableBeanFactory     : Creating shared instance of singleton bean 'transactionManager'
2024-09-20T12:14:55.610+05:30 DEBUG 25404 --- [Portfolio] [           main] o.s.b.f.s.DefaultListableBeanFactory     : Creating shared instance of singleton bean 'org.springframework.boot.autoconfigure.orm.jpa.HibernateJpaAutoConfiguration'
2024-09-20T12:14:55.611+05:30 DEBUG 25404 --- [Portfolio] [           main] o.s.b.f.s.DefaultListableBeanFactory     : Creating shared instance of singleton bean 'org.springframework.boot.autoconfigure.context.ConfigurationPropertiesAutoConfiguration'
2024-09-20T12:14:55.613+05:30 DEBUG 25404 --- [Portfolio] [           main] o.s.b.f.s.DefaultListableBeanFactory     : Creating shared instance of singleton bean 'org.springframework.boot.autoconfigure.context.LifecycleAutoConfiguration'
2024-09-20T12:14:55.614+05:30 DEBUG 25404 --- [Portfolio] [           main] o.s.b.f.s.DefaultListableBeanFactory     : Creating shared instance of singleton bean 'lifecycleProcessor'
2024-09-20T12:14:55.615+05:30 DEBUG 25404 --- [Portfolio] [           main] o.s.b.f.s.DefaultListableBeanFactory     : Creating shared instance of singleton bean 'spring.lifecycle-org.springframework.boot.autoconfigure.context.LifecycleProperties'
2024-09-20T12:14:55.617+05:30 DEBUG 25404 --- [Portfolio] [           main] o.s.b.f.s.DefaultListableBeanFactory     : Autowiring by type from bean name 'lifecycleProcessor' via factory method to bean named 'spring.lifecycle-org.springframework.boot.autoconfigure.context.LifecycleProperties'
2024-09-20T12:14:55.619+05:30 DEBUG 25404 --- [Portfolio] [           main] o.s.b.f.s.DefaultListableBeanFactory     : Creating shared instance of singleton bean 'org.springframework.boot.autoconfigure.dao.PersistenceExceptionTranslationAutoConfiguration'
2024-09-20T12:14:55.620+05:30 DEBUG 25404 --- [Portfolio] [           main] o.s.b.f.s.DefaultListableBeanFactory     : Creating shared instance of singleton bean 'org.springframework.boot.autoconfigure.data.jpa.JpaRepositoriesAutoConfiguration'
[...]

   R2dbcInitializationConfiguration:
      Did not match:
         - @ConditionalOnClass did not find required classes 'io.r2dbc.spi.ConnectionFactory', 'org.springframework.r2dbc.connection.init.DatabasePopulator' (OnClassCondition)

   R2dbcRepositoriesAutoConfiguration:
      Did not match:
         - @ConditionalOnClass did not find required class 'io.r2dbc.spi.ConnectionFactory' (OnClassCondition)

   R2dbcTransactionManagerAutoConfiguration:
      Did not match:
         - @ConditionalOnClass did not find required class 'org.springframework.r2dbc.connection.R2dbcTransactionManager' (OnClassCondition)

   RSocketGraphQlClientAutoConfiguration:
      Did not match:
         - @ConditionalOnClass did not find required class 'graphql.GraphQL' (OnClassCondition)

   RSocketMessagingAutoConfiguration:
      Did not match:
         - @ConditionalOnClass did not find required class 'io.rsocket.RSocket' (OnClassCondition)

   RSocketRequesterAutoConfiguration:
      Did not match:
         - @ConditionalOnClass did not find required class 'io.rsocket.RSocket' (OnClassCondition)

   RSocketSecurityAutoConfiguration:
      Did not match:
         - @ConditionalOnClass did not find required class 'org.springframework.security.rsocket.core.SecuritySocketAcceptorInterceptor' (OnClassCondition)

   RSocketServerAutoConfiguration:
      Did not match:
         - @ConditionalOnClass did not find required class 'io.rsocket.core.RSocketServer' (OnClassCondition)

   RSocketStrategiesAutoConfiguration:
      Did not match:
         - @ConditionalOnClass did not find required class 'io.netty.buffer.PooledByteBufAllocator' (OnClassCondition)

   RabbitAutoConfiguration:
      Did not match:
         - @ConditionalOnClass did not find required class 'com.rabbitmq.client.Channel' (OnClassCondition)

   ReactiveElasticsearchClientAutoConfiguration:
      Did not match:
         - @ConditionalOnClass did not find required class 'co.elastic.clients.transport.ElasticsearchTransport' (OnClassCondition)

   ReactiveElasticsearchRepositoriesAutoConfiguration:
      Did not match:
         - @ConditionalOnClass did not find required class 'org.springframework.data.elasticsearch.client.elc.ReactiveElasticsearchClient' (OnClassCondition)

   ReactiveMultipartAutoConfiguration:
      Did not match:
         - @ConditionalOnClass did not find required class 'org.springframework.web.reactive.config.WebFluxConfigurer' (OnClassCondition)

   ReactiveOAuth2ClientAutoConfiguration:
      Did not match:
         - @ConditionalOnClass did not find required class 'reactor.core.publisher.Flux' (OnClassCondition)

   ReactiveOAuth2ResourceServerAutoConfiguration:
      Did not match:
         - @ConditionalOnClass did not find required class 'org.springframework.security.config.annotation.web.reactive.EnableWebFluxSecurity' (OnClassCondition)

   ReactiveSecurityAutoConfiguration:
      Did not match:
         - @ConditionalOnClass did not find required class 'reactor.core.publisher.Flux' (OnClassCondition)

   ReactiveUserDetailsServiceAutoConfiguration:
      Did not match:
         - @ConditionalOnClass did not find required class 'org.springframework.security.authentication.ReactiveAuthenticationManager' (OnClassCondition)

   ReactiveWebServerFactoryAutoConfiguration:
      Did not match:
         - @ConditionalOnWebApplication did not find reactive web application classes (OnWebApplicationCondition)

   ReactorAutoConfiguration:
      Did not match:
         - @ConditionalOnClass did not find required class 'reactor.core.publisher.Hooks' (OnClassCondition)

   RedisAutoConfiguration:
      Did not match:
         - @ConditionalOnClass did not find required class 'org.springframework.data.redis.core.RedisOperations' (OnClassCondition)

   RedisCacheConfiguration:
      Did not match:
         - @ConditionalOnClass did not find required class 'org.springframework.data.redis.connection.RedisConnectionFactory' (OnClassCondition)

   RedisReactiveAutoConfiguration:
      Did not match:
         - @ConditionalOnClass did not find required class 'reactor.core.publisher.Flux' (OnClassCondition)

   RedisRepositoriesAutoConfiguration:
      Did not match:
         - @ConditionalOnClass did not find required class 'org.springframework.data.redis.repository.configuration.EnableRedisRepositories' (OnClassCondition)

   RemoteDevToolsAutoConfiguration:
      Did not match:
         - @ConditionalOnProperty (spring.devtools.remote.secret) did not find property 'secret' (OnPropertyCondition)
      Matched:
         - @ConditionalOnClass found required classes 'jakarta.servlet.Filter', 'org.springframework.http.server.ServerHttpRequest' (OnClassCondition)

   RepositoryRestMvcAutoConfiguration:
      Did not match:
         - @ConditionalOnClass did not find required class 'org.springframework.data.rest.webmvc.config.RepositoryRestMvcConfiguration' (OnClassCondition)

   Saml2RelyingPartyAutoConfiguration:
      Did not match:
         - @ConditionalOnClass did not find required class 'org.springframework.security.saml2.provider.service.registration.RelyingPartyRegistrationRepository' (OnClassCondition)

   SecurityAutoConfiguration:
      Did not match:
         - @ConditionalOnClass did not find required class 'org.springframework.security.authentication.DefaultAuthenticationEventPublisher' (OnClassCondition)

   SecurityFilterAutoConfiguration:
      Did not match:
         - @ConditionalOnClass did not find required class 'org.springframework.security.config.http.SessionCreationPolicy' (OnClassCondition)

   SendGridAutoConfiguration:
      Did not match:
         - @ConditionalOnClass did not find required class 'com.sendgrid.SendGrid' (OnClassCondition)

   ServletWebServerFactoryAutoConfiguration.ForwardedHeaderFilterConfiguration:
      Did not match:
         - @ConditionalOnProperty (server.forward-headers-strategy=framework) did not find property 'server.forward-headers-strategy' (OnPropertyCondition)

   ServletWebServerFactoryConfiguration.EmbeddedJetty:
      Did not match:
         - @ConditionalOnClass did not find required classes 'org.eclipse.jetty.server.Server', 'org.eclipse.jetty.util.Loader', 'org.eclipse.jetty.ee10.webapp.WebAppContext' (OnClassCondition)

   ServletWebServerFactoryConfiguration.EmbeddedUndertow:
      Did not match:
         - @ConditionalOnClass did not find required classes 'io.undertow.Undertow', 'org.xnio.SslClientAuthMode' (OnClassCondition)

   SessionAutoConfiguration:
      Did not match:
         - @ConditionalOnClass did not find required class 'org.springframework.session.Session' (OnClassCondition)

   SpringApplicationAdminJmxAutoConfiguration:
      Did not match:
         - @ConditionalOnProperty (spring.application.admin.enabled=true) did not find property 'enabled' (OnPropertyCondition)

   TaskExecutorConfigurations.SimpleAsyncTaskExecutorBuilderConfiguration#simpleAsyncTaskExecutorBuilderVirtualThreads:
      Did not match:
         - @ConditionalOnMissingBean (types: org.springframework.boot.task.SimpleAsyncTaskExecutorBuilder; SearchStrategy: all) found beans of type 'org.springframework.boot.task.SimpleAsyncTaskExecutorBuilder' simpleAsyncTaskExecutorBuilder (OnBeanCondition)

   TaskExecutorConfigurations.TaskExecutorConfiguration#applicationTaskExecutorVirtualThreads:
      Did not match:
         - @ConditionalOnThreading did not find VIRTUAL (OnThreadingCondition)

   TaskSchedulingAutoConfiguration#scheduledBeanLazyInitializationExcludeFilter:
      Did not match:
         - @ConditionalOnBean (names: org.springframework.context.annotation.internalScheduledAnnotationProcessor; SearchStrategy: all) did not find any beans named org.springframework.context.annotation.internalScheduledAnnotationProcessor (OnBeanCondition)

   TaskSchedulingConfigurations.SimpleAsyncTaskSchedulerBuilderConfiguration#simpleAsyncTaskSchedulerBuilderVirtualThreads:
      Did not match:
         - @ConditionalOnMissingBean (types: org.springframework.boot.task.SimpleAsyncTaskSchedulerBuilder; SearchStrategy: all) found beans of type 'org.springframework.boot.task.SimpleAsyncTaskSchedulerBuilder' simpleAsyncTaskSchedulerBuilder (OnBeanCondition)

   TaskSchedulingConfigurations.TaskSchedulerConfiguration:
      Did not match:
         - @ConditionalOnBean (names: org.springframework.context.annotation.internalScheduledAnnotationProcessor; SearchStrategy: all) did not find any beans named org.springframework.context.annotation.internalScheduledAnnotationProcessor (OnBeanCondition)

   ThymeleafAutoConfiguration:
      Did not match:
         - @ConditionalOnClass did not find required class 'org.thymeleaf.spring6.SpringTemplateEngine' (OnClassCondition)

   TransactionAutoConfiguration#transactionalOperator:
      Did not match:
         - @ConditionalOnSingleCandidate (types: org.springframework.transaction.ReactiveTransactionManager; SearchStrategy: all) did not find any beans (OnBeanCondition)

   TransactionAutoConfiguration.AspectJTransactionManagementConfiguration:
      Did not match:
         - @ConditionalOnBean (types: org.springframework.transaction.aspectj.AbstractTransactionAspect; SearchStrategy: all) did not find any beans of type org.springframework.transaction.aspectj.AbstractTransactionAspect (OnBeanCondition)

   TransactionAutoConfiguration.EnableTransactionManagementConfiguration.JdkDynamicAutoProxyConfiguration:
      Did not match:
         - @ConditionalOnProperty (spring.aop.proxy-target-class=false) did not find property 'proxy-target-class' (OnPropertyCondition)

   UserDetailsServiceAutoConfiguration:
      Did not match:
         - @ConditionalOnClass did not find required class 'org.springframework.security.authentication.AuthenticationManager' (OnClassCondition)

   ValidationAutoConfiguration:
      Did not match:
         - @ConditionalOnClass did not find required class 'jakarta.validation.executable.ExecutableValidator' (OnClassCondition)

   WebClientAutoConfiguration:
      Did not match:
         - @ConditionalOnClass did not find required class 'org.springframework.web.reactive.function.client.WebClient' (OnClassCondition)

   WebFluxAutoConfiguration:
      Did not match:
         - @ConditionalOnClass did not find required class 'org.springframework.web.reactive.config.WebFluxConfigurer' (OnClassCondition)

   WebMvcAutoConfiguration#hiddenHttpMethodFilter:
      Did not match:
         - @ConditionalOnProperty (spring.mvc.hiddenmethod.filter.enabled) did not find property 'enabled' (OnPropertyCondition)

   WebMvcAutoConfiguration.ProblemDetailsErrorHandlingConfiguration:
      Did not match:
         - @ConditionalOnProperty (spring.mvc.problemdetails.enabled=true) did not find property 'enabled' (OnPropertyCondition)

   WebMvcAutoConfiguration.ResourceChainCustomizerConfiguration:
      Did not match:
         - @ConditionalOnEnabledResourceChain did not find class org.webjars.WebJarAssetLocator (OnEnabledResourceChainCondition)

   WebMvcAutoConfiguration.WebMvcAutoConfigurationAdapter#beanNameViewResolver:
      Did not match:
         - @ConditionalOnMissingBean (types: org.springframework.web.servlet.view.BeanNameViewResolver; SearchStrategy: all) found beans of type 'org.springframework.web.servlet.view.BeanNameViewResolver' beanNameViewResolver (OnBeanCondition)

   WebServiceTemplateAutoConfiguration:
      Did not match:
         - @ConditionalOnClass did not find required class 'org.springframework.oxm.Marshaller' (OnClassCondition)

   WebServicesAutoConfiguration:
      Did not match:
         - @ConditionalOnClass did not find required class 'org.springframework.ws.transport.http.MessageDispatcherServlet' (OnClassCondition)

   WebSessionIdResolverAutoConfiguration:
      Did not match:
         - @ConditionalOnClass did not find required class 'reactor.core.publisher.Mono' (OnClassCondition)

   WebSocketMessagingAutoConfiguration:
      Did not match:
         - @ConditionalOnClass did not find required class 'org.springframework.web.socket.config.annotation.WebSocketMessageBrokerConfigurer' (OnClassCondition)

   WebSocketReactiveAutoConfiguration:
      Did not match:
         - @ConditionalOnWebApplication did not find reactive web application classes (OnWebApplicationCondition)

   WebSocketServletAutoConfiguration.JettyWebSocketConfiguration:
      Did not match:
         - @ConditionalOnClass did not find required class 'org.eclipse.jetty.ee10.websocket.jakarta.server.config.JakartaWebSocketServletContainerInitializer' (OnClassCondition)

   WebSocketServletAutoConfiguration.UndertowWebSocketConfiguration:
      Did not match:
         - @ConditionalOnClass did not find required class 'io.undertow.websockets.jsr.Bootstrap' (OnClassCondition)

   XADataSourceAutoConfiguration:
      Did not match:
         - @ConditionalOnBean (types: org.springframework.boot.jdbc.XADataSourceWrapper; SearchStrategy: all) did not find any beans of type org.springframework.boot.jdbc.XADataSourceWrapper (OnBeanCondition)
      Matched:
         - @ConditionalOnClass found required classes 'javax.sql.DataSource', 'jakarta.transaction.TransactionManager', 'org.springframework.jdbc.datasource.embedded.EmbeddedDatabaseType' (OnClassCondition)


Exclusions:
-----------

    None


Unconditional classes:
----------------------

    org.springframework.boot.autoconfigure.context.ConfigurationPropertiesAutoConfiguration

    org.springframework.boot.autoconfigure.ssl.SslAutoConfiguration

    org.springframework.boot.autoconfigure.context.LifecycleAutoConfiguration

    org.springframework.boot.autoconfigure.context.PropertyPlaceholderAutoConfiguration

    org.springframework.boot.autoconfigure.availability.ApplicationAvailabilityAutoConfiguration

    org.springframework.boot.autoconfigure.info.ProjectInfoAutoConfiguration



2024-09-20T12:14:55.721+05:30  INFO 25404 --- [Portfolio] [           main] c.p.Portfolio.PortfolioApplicationTests  : Started PortfolioApplicationTests in 9.27 seconds (process running for 10.498)
2024-09-20T12:14:55.729+05:30 DEBUG 25404 --- [Portfolio] [           main] o.s.b.a.ApplicationAvailabilityBean      : Application availability state LivenessState changed to CORRECT
2024-09-20T12:14:55.742+05:30 DEBUG 25404 --- [Portfolio] [           main] o.s.boot.devtools.restart.Restarter      : Creating new Restarter for thread Thread[main,5,main]
2024-09-20T12:14:55.743+05:30 DEBUG 25404 --- [Portfolio] [           main] o.s.b.a.ApplicationAvailabilityBean      : Application availability state ReadinessState changed to ACCEPTING_TRAFFIC
2024-09-20T12:14:55.747+05:30 DEBUG 25404 --- [Portfolio] [           main] org.springframework.test.context.cache   : Spring test ApplicationContext cache statistics: [DefaultContextCache@3fc2e100 size = 1, maxSize = 32, parentContextCount = 0, hitCount = 0, missCount = 1, failureCount = 0]
2024-09-20T12:14:55.748+05:30 DEBUG 25404 --- [Portfolio] [           main] o.s.t.c.w.ServletTestExecutionListener   : Setting up MockHttpServletRequest, MockHttpServletResponse, ServletWebRequest, and RequestContextHolder for test class com.personal.Portfolio.PortfolioApplicationTests
2024-09-20T12:14:55.768+05:30 DEBUG 25404 --- [Portfolio] [           main] DependencyInjectionTestExecutionListener : Performing dependency injection for test class com.personal.Portfolio.PortfolioApplicationTests
2024-09-20T12:14:55.768+05:30 DEBUG 25404 --- [Portfolio] [           main] org.springframework.test.context.cache   : Spring test ApplicationContext cache statistics: [DefaultContextCache@3fc2e100 size = 1, maxSize = 32, parentContextCount = 0, hitCount = 1, missCount = 1, failureCount = 0]
2024-09-20T12:14:55.770+05:30 DEBUG 25404 --- [Portfolio] [           main] org.springframework.test.context.cache   : Spring test ApplicationContext cache statistics: [DefaultContextCache@3fc2e100 size = 1, maxSize = 32, parentContextCount = 0, hitCount = 2, missCount = 1, failureCount = 0]
2024-09-20T12:14:55.777+05:30 DEBUG 25404 --- [Portfolio] [           main] sContextBeforeModesTestExecutionListener : Before test method: class [PortfolioApplicationTests], method [contextLoads], class annotated with @DirtiesContext [false] with mode [null], method annotated with @DirtiesContext [false] with mode [null]
2024-09-20T12:14:55.779+05:30 DEBUG 25404 --- [Portfolio] [           main] org.springframework.test.context.cache   : Spring test ApplicationContext cache statistics: [DefaultContextCache@3fc2e100 size = 1, maxSize = 32, parentContextCount = 0, hitCount = 3, missCount = 1, failureCount = 0]
2024-09-20T12:14:55.779+05:30 DEBUG 25404 --- [Portfolio] [           main] org.springframework.test.context.cache   : Spring test ApplicationContext cache statistics: [DefaultContextCache@3fc2e100 size = 1, maxSize = 32, parentContextCount = 0, hitCount = 4, missCount = 1, failureCount = 0]
2024-09-20T12:14:55.913+05:30 DEBUG 25404 --- [Portfolio] [onnection adder] com.zaxxer.hikari.pool.HikariPool        : HikariPool-1 - Added connection com.mysql.cj.jdbc.ConnectionImpl@4bf2bff0
2024-09-20T12:14:55.961+05:30 DEBUG 25404 --- [Portfolio] [onnection adder] com.zaxxer.hikari.pool.HikariPool        : HikariPool-1 - After adding stats (total=3, active=0, idle=3, waiting=0)
2024-09-20T12:14:56.283+05:30 DEBUG 25404 --- [Portfolio] [           main] org.springframework.test.context.cache   : Spring test ApplicationContext cache statistics: [DefaultContextCache@3fc2e100 size = 1, maxSize = 32, parentContextCount = 0, hitCount = 5, missCount = 1, failureCount = 0]
2024-09-20T12:14:56.288+05:30 DEBUG 25404 --- [Portfolio] [           main] org.springframework.test.context.cache   : Spring test ApplicationContext cache statistics: [DefaultContextCache@3fc2e100 size = 1, maxSize = 32, parentContextCount = 0, hitCount = 6, missCount = 1, failureCount = 0]
2024-09-20T12:14:56.288+05:30 DEBUG 25404 --- [Portfolio] [           main] org.springframework.test.context.cache   : Spring test ApplicationContext cache statistics: [DefaultContextCache@3fc2e100 size = 1, maxSize = 32, parentContextCount = 0, hitCount = 7, missCount = 1, failureCount = 0]
2024-09-20T12:14:56.289+05:30 DEBUG 25404 --- [Portfolio] [           main] org.springframework.test.context.cache   : Spring test ApplicationContext cache statistics: [DefaultContextCache@3fc2e100 size = 1, maxSize = 32, parentContextCount = 0, hitCount = 8, missCount = 1, failureCount = 0]
2024-09-20T12:14:56.289+05:30 DEBUG 25404 --- [Portfolio] [           main] org.springframework.test.context.cache   : Spring test ApplicationContext cache statistics: [DefaultContextCache@3fc2e100 size = 1, maxSize = 32, parentContextCount = 0, hitCount = 9, missCount = 1, failureCount = 0]
2024-09-20T12:14:56.290+05:30 DEBUG 25404 --- [Portfolio] [           main] org.springframework.test.context.cache   : Spring test ApplicationContext cache statistics: [DefaultContextCache@3fc2e100 size = 1, maxSize = 32, parentContextCount = 0, hitCount = 10, missCount = 1, failureCount = 0]
2024-09-20T12:14:56.292+05:30 DEBUG 25404 --- [Portfolio] [           main] org.springframework.test.context.cache   : Spring test ApplicationContext cache statistics: [DefaultContextCache@3fc2e100 size = 1, maxSize = 32, parentContextCount = 0, hitCount = 11, missCount = 1, failureCount = 0]
2024-09-20T12:14:56.293+05:30 DEBUG 25404 --- [Portfolio] [           main] .c.s.DirtiesContextTestExecutionListener : After test method: class [PortfolioApplicationTests], method [contextLoads], class annotated with @DirtiesContext [false] with mode [null], method annotated with @DirtiesContext [false] with mode [null]
2024-09-20T12:14:56.293+05:30 DEBUG 25404 --- [Portfolio] [           main] o.s.t.c.w.ServletTestExecutionListener   : Resetting RequestContextHolder for test class com.personal.Portfolio.PortfolioApplicationTests
]]></system-out>
  </testcase>
</testsuite>